[2020-12-01 18:50:50] local.ERROR: View [layouts.front] not found. (View: C:\Users\WebDev\Desktop\full-stack-developer-egitimi\odevler\onur-demirci\laravelBlog\resources\views\front\index.blade.php) {"exception":"[object] (Facade\\Ignition\\Exceptions\\ViewException(code: 0): View [layouts.front] not found. (View: C:\\Users\\WebDev\\Desktop\\full-stack-developer-egitimi\\odevler\\onur-demirci\\laravelBlog\esources\\views\\front\\index.blade.php) at C:\\Users\\WebDev\\Desktop\\full-stack-developer-egitimi\\odevler\\onur-demirci\\laravelBlog\\vendor\\laravel\\framework\\src\\Illuminate\\View\\FileViewFinder.php:137)
[stacktrace]
#0 C:\\Users\\WebDev\\Desktop\\full-stack-developer-egitimi\\odevler\\onur-demirci\\laravelBlog\\vendor\\laravel\\framework\\src\\Illuminate\\View\\FileViewFinder.php(79): Illuminate\\View\\FileViewFinder->findInPaths('layouts.front', Array)
#1 C:\\Users\\WebDev\\Desktop\\full-stack-developer-egitimi\\odevler\\onur-demirci\\laravelBlog\\vendor\\laravel\\framework\\src\\Illuminate\\View\\Factory.php(138): Illuminate\\View\\FileViewFinder->find('layouts.front')
#2 C:\\Users\\WebDev\\Desktop\\full-stack-developer-egitimi\\odevler\\onur-demirci\\laravelBlog\esources\\views/front/index.blade.php(34): Illuminate\\View\\Factory->make('layouts.front', Array)
#3 C:\\Users\\WebDev\\Desktop\\full-stack-developer-egitimi\\odevler\\onur-demirci\\laravelBlog\\vendor\\laravel\\framework\\src\\Illuminate\\Filesystem\\Filesystem.php(107): require('C:\\\\Users\\\\WebDev...')
#4 C:\\Users\\WebDev\\Desktop\\full-stack-developer-egitimi\\odevler\\onur-demirci\\laravelBlog\\vendor\\laravel\\framework\\src\\Illuminate\\Filesystem\\Filesystem.php(108): Illuminate\\Filesystem\\Filesystem::Illuminate\\Filesystem\\{closure}()
#5 C:\\Users\\WebDev\\Desktop\\full-stack-developer-egitimi\\odevler\\onur-demirci\\laravelBlog\\vendor\\laravel\\framework\\src\\Illuminate\\View\\Engines\\PhpEngine.php(58): Illuminate\\Filesystem\\Filesystem->getRequire('C:\\\\Users\\\\WebDev...', Array)
#6 C:\\Users\\WebDev\\Desktop\\full-stack-developer-egitimi\\odevler\\onur-demirci\\laravelBlog\\vendor\\laravel\\framework\\src\\Illuminate\\View\\Engines\\CompilerEngine.php(61): Illuminate\\View\\Engines\\PhpEngine->evaluatePath('C:\\\\Users\\\\WebDev...', Array)
#7 C:\\Users\\WebDev\\Desktop\\full-stack-developer-egitimi\\odevler\\onur-demirci\\laravelBlog\\vendor\\facade\\ignition\\src\\Views\\Engines\\CompilerEngine.php(37): Illuminate\\View\\Engines\\CompilerEngine->get('C:\\\\Users\\\\WebDev...', Array)
#8 C:\\Users\\WebDev\\Desktop\\full-stack-developer-egitimi\\odevler\\onur-demirci\\laravelBlog\\vendor\\laravel\\framework\\src\\Illuminate\\View\\View.php(139): Facade\\Ignition\\Views\\Engines\\CompilerEngine->get('C:\\\\Users\\\\WebDev...', Array)
#9 C:\\Users\\WebDev\\Desktop\\full-stack-developer-egitimi\\odevler\\onur-demirci\\laravelBlog\\vendor\\laravel\\framework\\src\\Illuminate\\View\\View.php(122): Illuminate\\View\\View->getContents()
#10 C:\\Users\\WebDev\\Desktop\\full-stack-developer-egitimi\\odevler\\onur-demirci\\laravelBlog\\vendor\\laravel\\framework\\src\\Illuminate\\View\\View.php(91): Illuminate\\View\\View->renderContents()
#11 C:\\Users\\WebDev\\Desktop\\full-stack-developer-egitimi\\odevler\\onur-demirci\\laravelBlog\\vendor\\laravel\\framework\\src\\Illuminate\\Http\\Response.php(62): Illuminate\\View\\View->render()
#12 C:\\Users\\WebDev\\Desktop\\full-stack-developer-egitimi\\odevler\\onur-demirci\\laravelBlog\\vendor\\laravel\\framework\\src\\Illuminate\\Http\\Response.php(34): Illuminate\\Http\\Response->setContent(Object(Illuminate\\View\\View))
#13 C:\\Users\\WebDev\\Desktop\\full-stack-developer-egitimi\\odevler\\onur-demirci\\laravelBlog\\vendor\\laravel\\framework\\src\\Illuminate\\Routing\\Router.php(780): Illuminate\\Http\\Response->__construct(Object(Illuminate\\View\\View), 200, Array)
#14 C:\\Users\\WebDev\\Desktop\\full-stack-developer-egitimi\\odevler\\onur-demirci\\laravelBlog\\vendor\\laravel\\framework\\src\\Illuminate\\Routing\\Router.php(752): Illuminate\\Routing\\Router::toResponse(Object(Illuminate\\Http\\Request), Object(Illuminate\\View\\View))
#15 C:\\Users\\WebDev\\Desktop\\full-stack-developer-egitimi\\odevler\\onur-demirci\\laravelBlog\\vendor\\laravel\\framework\\src\\Illuminate\\Routing\\Router.php(692): Illuminate\\Routing\\Router->prepareResponse(Object(Illuminate\\Http\\Request), Object(Illuminate\\View\\View))
#16 C:\\Users\\WebDev\\Desktop\\full-stack-developer-egitimi\\odevler\\onur-demirci\\laravelBlog\\vendor\\laravel\\framework\\src\\Illuminate\\Pipeline\\Pipeline.php(128): Illuminate\\Routing\\Router->Illuminate\\Routing\\{closure}(Object(Illuminate\\Http\\Request))
#17 C:\\Users\\WebDev\\Desktop\\full-stack-developer-egitimi\\odevler\\onur-demirci\\laravelBlog\\vendor\\laravel\\framework\\src\\Illuminate\\Routing\\Middleware\\SubstituteBindings.php(41): Illuminate\\Pipeline\\Pipeline->Illuminate\\Pipeline\\{closure}(Object(Illuminate\\Http\\Request))
#18 C:\\Users\\WebDev\\Desktop\\full-stack-developer-egitimi\\odevler\\onur-demirci\\laravelBlog\\vendor\\laravel\\framework\\src\\Illuminate\\Pipeline\\Pipeline.php(167): Illuminate\\Routing\\Middleware\\SubstituteBindings->handle(Object(Illuminate\\Http\\Request), Object(Closure))
#19 C:\\Users\\WebDev\\Desktop\\full-stack-developer-egitimi\\odevler\\onur-demirci\\laravelBlog\\vendor\\laravel\\framework\\src\\Illuminate\\Foundation\\Http\\Middleware\\VerifyCsrfToken.php(77): Illuminate\\Pipeline\\Pipeline->Illuminate\\Pipeline\\{closure}(Object(Illuminate\\Http\\Request))
#20 C:\\Users\\WebDev\\Desktop\\full-stack-developer-egitimi\\odevler\\onur-demirci\\laravelBlog\\vendor\\laravel\\framework\\src\\Illuminate\\Pipeline\\Pipeline.php(167): Illuminate\\Foundation\\Http\\Middleware\\VerifyCsrfToken->handle(Object(Illuminate\\Http\\Request), Object(Closure))
#21 C:\\Users\\WebDev\\Desktop\\full-stack-developer-egitimi\\odevler\\onur-demirci\\laravelBlog\\vendor\\laravel\\framework\\src\\Illuminate\\View\\Middleware\\ShareErrorsFromSession.php(49): Illuminate\\Pipeline\\Pipeline->Illuminate\\Pipeline\\{closure}(Object(Illuminate\\Http\\Request))
#22 C:\\Users\\WebDev\\Desktop\\full-stack-developer-egitimi\\odevler\\onur-demirci\\laravelBlog\\vendor\\laravel\\framework\\src\\Illuminate\\Pipeline\\Pipeline.php(167): Illuminate\\View\\Middleware\\ShareErrorsFromSession->handle(Object(Illuminate\\Http\\Request), Object(Closure))
#23 C:\\Users\\WebDev\\Desktop\\full-stack-developer-egitimi\\odevler\\onur-demirci\\laravelBlog\\vendor\\laravel\\framework\\src\\Illuminate\\Session\\Middleware\\StartSession.php(121): Illuminate\\Pipeline\\Pipeline->Illuminate\\Pipeline\\{closure}(Object(Illuminate\\Http\\Request))
#24 C:\\Users\\WebDev\\Desktop\\full-stack-developer-egitimi\\odevler\\onur-demirci\\laravelBlog\\vendor\\laravel\\framework\\src\\Illuminate\\Session\\Middleware\\StartSession.php(63): Illuminate\\Session\\Middleware\\StartSession->handleStatefulRequest(Object(Illuminate\\Http\\Request), Object(Illuminate\\Session\\Store), Object(Closure))
#25 C:\\Users\\WebDev\\Desktop\\full-stack-developer-egitimi\\odevler\\onur-demirci\\laravelBlog\\vendor\\laravel\\framework\\src\\Illuminate\\Pipeline\\Pipeline.php(167): Illuminate\\Session\\Middleware\\StartSession->handle(Object(Illuminate\\Http\\Request), Object(Closure))
#26 C:\\Users\\WebDev\\Desktop\\full-stack-developer-egitimi\\odevler\\onur-demirci\\laravelBlog\\vendor\\laravel\\framework\\src\\Illuminate\\Cookie\\Middleware\\AddQueuedCookiesToResponse.php(37): Illuminate\\Pipeline\\Pipeline->Illuminate\\Pipeline\\{closure}(Object(Illuminate\\Http\\Request))
#27 C:\\Users\\WebDev\\Desktop\\full-stack-developer-egitimi\\odevler\\onur-demirci\\laravelBlog\\vendor\\laravel\\framework\\src\\Illuminate\\Pipeline\\Pipeline.php(167): Illuminate\\Cookie\\Middleware\\AddQueuedCookiesToResponse->handle(Object(Illuminate\\Http\\Request), Object(Closure))
#28 C:\\Users\\WebDev\\Desktop\\full-stack-developer-egitimi\\odevler\\onur-demirci\\laravelBlog\\vendor\\laravel\\framework\\src\\Illuminate\\Cookie\\Middleware\\EncryptCookies.php(67): Illuminate\\Pipeline\\Pipeline->Illuminate\\Pipeline\\{closure}(Object(Illuminate\\Http\\Request))
#29 C:\\Users\\WebDev\\Desktop\\full-stack-developer-egitimi\\odevler\\onur-demirci\\laravelBlog\\vendor\\laravel\\framework\\src\\Illuminate\\Pipeline\\Pipeline.php(167): Illuminate\\Cookie\\Middleware\\EncryptCookies->handle(Object(Illuminate\\Http\\Request), Object(Closure))
#30 C:\\Users\\WebDev\\Desktop\\full-stack-developer-egitimi\\odevler\\onur-demirci\\laravelBlog\\vendor\\laravel\\framework\\src\\Illuminate\\Pipeline\\Pipeline.php(103): Illuminate\\Pipeline\\Pipeline->Illuminate\\Pipeline\\{closure}(Object(Illuminate\\Http\\Request))
#31 C:\\Users\\WebDev\\Desktop\\full-stack-developer-egitimi\\odevler\\onur-demirci\\laravelBlog\\vendor\\laravel\\framework\\src\\Illuminate\\Routing\\Router.php(694): Illuminate\\Pipeline\\Pipeline->then(Object(Closure))
#32 C:\\Users\\WebDev\\Desktop\\full-stack-developer-egitimi\\odevler\\onur-demirci\\laravelBlog\\vendor\\laravel\\framework\\src\\Illuminate\\Routing\\Router.php(669): Illuminate\\Routing\\Router->runRouteWithinStack(Object(Illuminate\\Routing\\Route), Object(Illuminate\\Http\\Request))
#33 C:\\Users\\WebDev\\Desktop\\full-stack-developer-egitimi\\odevler\\onur-demirci\\laravelBlog\\vendor\\laravel\\framework\\src\\Illuminate\\Routing\\Router.php(635): Illuminate\\Routing\\Router->runRoute(Object(Illuminate\\Http\\Request), Object(Illuminate\\Routing\\Route))
#34 C:\\Users\\WebDev\\Desktop\\full-stack-developer-egitimi\\odevler\\onur-demirci\\laravelBlog\\vendor\\laravel\\framework\\src\\Illuminate\\Routing\\Router.php(624): Illuminate\\Routing\\Router->dispatchToRoute(Object(Illuminate\\Http\\Request))
#35 C:\\Users\\WebDev\\Desktop\\full-stack-developer-egitimi\\odevler\\onur-demirci\\laravelBlog\\vendor\\laravel\\framework\\src\\Illuminate\\Foundation\\Http\\Kernel.php(166): Illuminate\\Routing\\Router->dispatch(Object(Illuminate\\Http\\Request))
#36 C:\\Users\\WebDev\\Desktop\\full-stack-developer-egitimi\\odevler\\onur-demirci\\laravelBlog\\vendor\\laravel\\framework\\src\\Illuminate\\Pipeline\\Pipeline.php(128): Illuminate\\Foundation\\Http\\Kernel->Illuminate\\Foundation\\Http\\{closure}(Object(Illuminate\\Http\\Request))
#37 C:\\Users\\WebDev\\Desktop\\full-stack-developer-egitimi\\odevler\\onur-demirci\\laravelBlog\\vendor\\laravel\\framework\\src\\Illuminate\\Foundation\\Http\\Middleware\\TransformsRequest.php(21): Illuminate\\Pipeline\\Pipeline->Illuminate\\Pipeline\\{closure}(Object(Illuminate\\Http\\Request))
#38 C:\\Users\\WebDev\\Desktop\\full-stack-developer-egitimi\\odevler\\onur-demirci\\laravelBlog\\vendor\\laravel\\framework\\src\\Illuminate\\Pipeline\\Pipeline.php(167): Illuminate\\Foundation\\Http\\Middleware\\TransformsRequest->handle(Object(Illuminate\\Http\\Request), Object(Closure))
#39 C:\\Users\\WebDev\\Desktop\\full-stack-developer-egitimi\\odevler\\onur-demirci\\laravelBlog\\vendor\\laravel\\framework\\src\\Illuminate\\Foundation\\Http\\Middleware\\TransformsRequest.php(21): Illuminate\\Pipeline\\Pipeline->Illuminate\\Pipeline\\{closure}(Object(Illuminate\\Http\\Request))
#40 C:\\Users\\WebDev\\Desktop\\full-stack-developer-egitimi\\odevler\\onur-demirci\\laravelBlog\\vendor\\laravel\\framework\\src\\Illuminate\\Pipeline\\Pipeline.php(167): Illuminate\\Foundation\\Http\\Middleware\\TransformsRequest->handle(Object(Illuminate\\Http\\Request), Object(Closure))
#41 C:\\Users\\WebDev\\Desktop\\full-stack-developer-egitimi\\odevler\\onur-demirci\\laravelBlog\\vendor\\laravel\\framework\\src\\Illuminate\\Foundation\\Http\\Middleware\\ValidatePostSize.php(27): Illuminate\\Pipeline\\Pipeline->Illuminate\\Pipeline\\{closure}(Object(Illuminate\\Http\\Request))
#42 C:\\Users\\WebDev\\Desktop\\full-stack-developer-egitimi\\odevler\\onur-demirci\\laravelBlog\\vendor\\laravel\\framework\\src\\Illuminate\\Pipeline\\Pipeline.php(167): Illuminate\\Foundation\\Http\\Middleware\\ValidatePostSize->handle(Object(Illuminate\\Http\\Request), Object(Closure))
#43 C:\\Users\\WebDev\\Desktop\\full-stack-developer-egitimi\\odevler\\onur-demirci\\laravelBlog\\vendor\\laravel\\framework\\src\\Illuminate\\Foundation\\Http\\Middleware\\PreventRequestsDuringMaintenance.php(87): Illuminate\\Pipeline\\Pipeline->Illuminate\\Pipeline\\{closure}(Object(Illuminate\\Http\\Request))
#44 C:\\Users\\WebDev\\Desktop\\full-stack-developer-egitimi\\odevler\\onur-demirci\\laravelBlog\\vendor\\laravel\\framework\\src\\Illuminate\\Pipeline\\Pipeline.php(167): Illuminate\\Foundation\\Http\\Middleware\\PreventRequestsDuringMaintenance->handle(Object(Illuminate\\Http\\Request), Object(Closure))
#45 C:\\Users\\WebDev\\Desktop\\full-stack-developer-egitimi\\odevler\\onur-demirci\\laravelBlog\\vendor\\fruitcake\\laravel-cors\\src\\HandleCors.php(37): Illuminate\\Pipeline\\Pipeline->Illuminate\\Pipeline\\{closure}(Object(Illuminate\\Http\\Request))
#46 C:\\Users\\WebDev\\Desktop\\full-stack-developer-egitimi\\odevler\\onur-demirci\\laravelBlog\\vendor\\laravel\\framework\\src\\Illuminate\\Pipeline\\Pipeline.php(167): Fruitcake\\Cors\\HandleCors->handle(Object(Illuminate\\Http\\Request), Object(Closure))
#47 C:\\Users\\WebDev\\Desktop\\full-stack-developer-egitimi\\odevler\\onur-demirci\\laravelBlog\\vendor\\fideloper\\proxy\\src\\TrustProxies.php(57): Illuminate\\Pipeline\\Pipeline->Illuminate\\Pipeline\\{closure}(Object(Illuminate\\Http\\Request))
#48 C:\\Users\\WebDev\\Desktop\\full-stack-developer-egitimi\\odevler\\onur-demirci\\laravelBlog\\vendor\\laravel\\framework\\src\\Illuminate\\Pipeline\\Pipeline.php(167): Fideloper\\Proxy\\TrustProxies->handle(Object(Illuminate\\Http\\Request), Object(Closure))
#49 C:\\Users\\WebDev\\Desktop\\full-stack-developer-egitimi\\odevler\\onur-demirci\\laravelBlog\\vendor\\laravel\\framework\\src\\Illuminate\\Http\\Middleware\\TrustHosts.php(48): Illuminate\\Pipeline\\Pipeline->Illuminate\\Pipeline\\{closure}(Object(Illuminate\\Http\\Request))
#50 C:\\Users\\WebDev\\Desktop\\full-stack-developer-egitimi\\odevler\\onur-demirci\\laravelBlog\\vendor\\laravel\\framework\\src\\Illuminate\\Pipeline\\Pipeline.php(167): Illuminate\\Http\\Middleware\\TrustHosts->handle(Object(Illuminate\\Http\\Request), Object(Closure))
#51 C:\\Users\\WebDev\\Desktop\\full-stack-developer-egitimi\\odevler\\onur-demirci\\laravelBlog\\vendor\\laravel\\framework\\src\\Illuminate\\Pipeline\\Pipeline.php(103): Illuminate\\Pipeline\\Pipeline->Illuminate\\Pipeline\\{closure}(Object(Illuminate\\Http\\Request))
#52 C:\\Users\\WebDev\\Desktop\\full-stack-developer-egitimi\\odevler\\onur-demirci\\laravelBlog\\vendor\\laravel\\framework\\src\\Illuminate\\Foundation\\Http\\Kernel.php(141): Illuminate\\Pipeline\\Pipeline->then(Object(Closure))
#53 C:\\Users\\WebDev\\Desktop\\full-stack-developer-egitimi\\odevler\\onur-demirci\\laravelBlog\\vendor\\laravel\\framework\\src\\Illuminate\\Foundation\\Http\\Kernel.php(110): Illuminate\\Foundation\\Http\\Kernel->sendRequestThroughRouter(Object(Illuminate\\Http\\Request))
#54 C:\\Users\\WebDev\\Desktop\\full-stack-developer-egitimi\\odevler\\onur-demirci\\laravelBlog\\public\\index.php(52): Illuminate\\Foundation\\Http\\Kernel->handle(Object(Illuminate\\Http\\Request))
#55 C:\\Users\\WebDev\\Desktop\\full-stack-developer-egitimi\\odevler\\onur-demirci\\laravelBlog\\server.php(21): require_once('C:\\\\Users\\\\WebDev...')
#56 {main}

[previous exception] [object] (InvalidArgumentException(code: 0): View [layouts.front] not found. at C:\\Users\\WebDev\\Desktop\\full-stack-developer-egitimi\\odevler\\onur-demirci\\laravelBlog\\vendor\\laravel\\framework\\src\\Illuminate\\View\\FileViewFinder.php:137)
[stacktrace]
#0 C:\\Users\\WebDev\\Desktop\\full-stack-developer-egitimi\\odevler\\onur-demirci\\laravelBlog\\vendor\\laravel\\framework\\src\\Illuminate\\View\\FileViewFinder.php(79): Illuminate\\View\\FileViewFinder->findInPaths('layouts.front', Array)
#1 C:\\Users\\WebDev\\Desktop\\full-stack-developer-egitimi\\odevler\\onur-demirci\\laravelBlog\\vendor\\laravel\\framework\\src\\Illuminate\\View\\Factory.php(138): Illuminate\\View\\FileViewFinder->find('layouts.front')
#2 C:\\Users\\WebDev\\Desktop\\full-stack-developer-egitimi\\odevler\\onur-demirci\\laravelBlog\\storage\\framework\\views\\e691fa2e5fe799d15430ecd45aadda089e4ca334.php(34): Illuminate\\View\\Factory->make('layouts.front', Array)
#3 C:\\Users\\WebDev\\Desktop\\full-stack-developer-egitimi\\odevler\\onur-demirci\\laravelBlog\\vendor\\laravel\\framework\\src\\Illuminate\\Filesystem\\Filesystem.php(107): require('C:\\\\Users\\\\WebDev...')
#4 C:\\Users\\WebDev\\Desktop\\full-stack-developer-egitimi\\odevler\\onur-demirci\\laravelBlog\\vendor\\laravel\\framework\\src\\Illuminate\\Filesystem\\Filesystem.php(108): Illuminate\\Filesystem\\Filesystem::Illuminate\\Filesystem\\{closure}()
#5 C:\\Users\\WebDev\\Desktop\\full-stack-developer-egitimi\\odevler\\onur-demirci\\laravelBlog\\vendor\\laravel\\framework\\src\\Illuminate\\View\\Engines\\PhpEngine.php(58): Illuminate\\Filesystem\\Filesystem->getRequire('C:\\\\Users\\\\WebDev...', Array)
#6 C:\\Users\\WebDev\\Desktop\\full-stack-developer-egitimi\\odevler\\onur-demirci\\laravelBlog\\vendor\\laravel\\framework\\src\\Illuminate\\View\\Engines\\CompilerEngine.php(61): Illuminate\\View\\Engines\\PhpEngine->evaluatePath('C:\\\\Users\\\\WebDev...', Array)
#7 C:\\Users\\WebDev\\Desktop\\full-stack-developer-egitimi\\odevler\\onur-demirci\\laravelBlog\\vendor\\facade\\ignition\\src\\Views\\Engines\\CompilerEngine.php(37): Illuminate\\View\\Engines\\CompilerEngine->get('C:\\\\Users\\\\WebDev...', Array)
#8 C:\\Users\\WebDev\\Desktop\\full-stack-developer-egitimi\\odevler\\onur-demirci\\laravelBlog\\vendor\\laravel\\framework\\src\\Illuminate\\View\\View.php(139): Facade\\Ignition\\Views\\Engines\\CompilerEngine->get('C:\\\\Users\\\\WebDev...', Array)
#9 C:\\Users\\WebDev\\Desktop\\full-stack-developer-egitimi\\odevler\\onur-demirci\\laravelBlog\\vendor\\laravel\\framework\\src\\Illuminate\\View\\View.php(122): Illuminate\\View\\View->getContents()
#10 C:\\Users\\WebDev\\Desktop\\full-stack-developer-egitimi\\odevler\\onur-demirci\\laravelBlog\\vendor\\laravel\\framework\\src\\Illuminate\\View\\View.php(91): Illuminate\\View\\View->renderContents()
#11 C:\\Users\\WebDev\\Desktop\\full-stack-developer-egitimi\\odevler\\onur-demirci\\laravelBlog\\vendor\\laravel\\framework\\src\\Illuminate\\Http\\Response.php(62): Illuminate\\View\\View->render()
#12 C:\\Users\\WebDev\\Desktop\\full-stack-developer-egitimi\\odevler\\onur-demirci\\laravelBlog\\vendor\\laravel\\framework\\src\\Illuminate\\Http\\Response.php(34): Illuminate\\Http\\Response->setContent(Object(Illuminate\\View\\View))
#13 C:\\Users\\WebDev\\Desktop\\full-stack-developer-egitimi\\odevler\\onur-demirci\\laravelBlog\\vendor\\laravel\\framework\\src\\Illuminate\\Routing\\Router.php(780): Illuminate\\Http\\Response->__construct(Object(Illuminate\\View\\View), 200, Array)
#14 C:\\Users\\WebDev\\Desktop\\full-stack-developer-egitimi\\odevler\\onur-demirci\\laravelBlog\\vendor\\laravel\\framework\\src\\Illuminate\\Routing\\Router.php(752): Illuminate\\Routing\\Router::toResponse(Object(Illuminate\\Http\\Request), Object(Illuminate\\View\\View))
#15 C:\\Users\\WebDev\\Desktop\\full-stack-developer-egitimi\\odevler\\onur-demirci\\laravelBlog\\vendor\\laravel\\framework\\src\\Illuminate\\Routing\\Router.php(692): Illuminate\\Routing\\Router->prepareResponse(Object(Illuminate\\Http\\Request), Object(Illuminate\\View\\View))
#16 C:\\Users\\WebDev\\Desktop\\full-stack-developer-egitimi\\odevler\\onur-demirci\\laravelBlog\\vendor\\laravel\\framework\\src\\Illuminate\\Pipeline\\Pipeline.php(128): Illuminate\\Routing\\Router->Illuminate\\Routing\\{closure}(Object(Illuminate\\Http\\Request))
#17 C:\\Users\\WebDev\\Desktop\\full-stack-developer-egitimi\\odevler\\onur-demirci\\laravelBlog\\vendor\\laravel\\framework\\src\\Illuminate\\Routing\\Middleware\\SubstituteBindings.php(41): Illuminate\\Pipeline\\Pipeline->Illuminate\\Pipeline\\{closure}(Object(Illuminate\\Http\\Request))
#18 C:\\Users\\WebDev\\Desktop\\full-stack-developer-egitimi\\odevler\\onur-demirci\\laravelBlog\\vendor\\laravel\\framework\\src\\Illuminate\\Pipeline\\Pipeline.php(167): Illuminate\\Routing\\Middleware\\SubstituteBindings->handle(Object(Illuminate\\Http\\Request), Object(Closure))
#19 C:\\Users\\WebDev\\Desktop\\full-stack-developer-egitimi\\odevler\\onur-demirci\\laravelBlog\\vendor\\laravel\\framework\\src\\Illuminate\\Foundation\\Http\\Middleware\\VerifyCsrfToken.php(77): Illuminate\\Pipeline\\Pipeline->Illuminate\\Pipeline\\{closure}(Object(Illuminate\\Http\\Request))
#20 C:\\Users\\WebDev\\Desktop\\full-stack-developer-egitimi\\odevler\\onur-demirci\\laravelBlog\\vendor\\laravel\\framework\\src\\Illuminate\\Pipeline\\Pipeline.php(167): Illuminate\\Foundation\\Http\\Middleware\\VerifyCsrfToken->handle(Object(Illuminate\\Http\\Request), Object(Closure))
#21 C:\\Users\\WebDev\\Desktop\\full-stack-developer-egitimi\\odevler\\onur-demirci\\laravelBlog\\vendor\\laravel\\framework\\src\\Illuminate\\View\\Middleware\\ShareErrorsFromSession.php(49): Illuminate\\Pipeline\\Pipeline->Illuminate\\Pipeline\\{closure}(Object(Illuminate\\Http\\Request))
#22 C:\\Users\\WebDev\\Desktop\\full-stack-developer-egitimi\\odevler\\onur-demirci\\laravelBlog\\vendor\\laravel\\framework\\src\\Illuminate\\Pipeline\\Pipeline.php(167): Illuminate\\View\\Middleware\\ShareErrorsFromSession->handle(Object(Illuminate\\Http\\Request), Object(Closure))
#23 C:\\Users\\WebDev\\Desktop\\full-stack-developer-egitimi\\odevler\\onur-demirci\\laravelBlog\\vendor\\laravel\\framework\\src\\Illuminate\\Session\\Middleware\\StartSession.php(121): Illuminate\\Pipeline\\Pipeline->Illuminate\\Pipeline\\{closure}(Object(Illuminate\\Http\\Request))
#24 C:\\Users\\WebDev\\Desktop\\full-stack-developer-egitimi\\odevler\\onur-demirci\\laravelBlog\\vendor\\laravel\\framework\\src\\Illuminate\\Session\\Middleware\\StartSession.php(63): Illuminate\\Session\\Middleware\\StartSession->handleStatefulRequest(Object(Illuminate\\Http\\Request), Object(Illuminate\\Session\\Store), Object(Closure))
#25 C:\\Users\\WebDev\\Desktop\\full-stack-developer-egitimi\\odevler\\onur-demirci\\laravelBlog\\vendor\\laravel\\framework\\src\\Illuminate\\Pipeline\\Pipeline.php(167): Illuminate\\Session\\Middleware\\StartSession->handle(Object(Illuminate\\Http\\Request), Object(Closure))
#26 C:\\Users\\WebDev\\Desktop\\full-stack-developer-egitimi\\odevler\\onur-demirci\\laravelBlog\\vendor\\laravel\\framework\\src\\Illuminate\\Cookie\\Middleware\\AddQueuedCookiesToResponse.php(37): Illuminate\\Pipeline\\Pipeline->Illuminate\\Pipeline\\{closure}(Object(Illuminate\\Http\\Request))
#27 C:\\Users\\WebDev\\Desktop\\full-stack-developer-egitimi\\odevler\\onur-demirci\\laravelBlog\\vendor\\laravel\\framework\\src\\Illuminate\\Pipeline\\Pipeline.php(167): Illuminate\\Cookie\\Middleware\\AddQueuedCookiesToResponse->handle(Object(Illuminate\\Http\\Request), Object(Closure))
#28 C:\\Users\\WebDev\\Desktop\\full-stack-developer-egitimi\\odevler\\onur-demirci\\laravelBlog\\vendor\\laravel\\framework\\src\\Illuminate\\Cookie\\Middleware\\EncryptCookies.php(67): Illuminate\\Pipeline\\Pipeline->Illuminate\\Pipeline\\{closure}(Object(Illuminate\\Http\\Request))
#29 C:\\Users\\WebDev\\Desktop\\full-stack-developer-egitimi\\odevler\\onur-demirci\\laravelBlog\\vendor\\laravel\\framework\\src\\Illuminate\\Pipeline\\Pipeline.php(167): Illuminate\\Cookie\\Middleware\\EncryptCookies->handle(Object(Illuminate\\Http\\Request), Object(Closure))
#30 C:\\Users\\WebDev\\Desktop\\full-stack-developer-egitimi\\odevler\\onur-demirci\\laravelBlog\\vendor\\laravel\\framework\\src\\Illuminate\\Pipeline\\Pipeline.php(103): Illuminate\\Pipeline\\Pipeline->Illuminate\\Pipeline\\{closure}(Object(Illuminate\\Http\\Request))
#31 C:\\Users\\WebDev\\Desktop\\full-stack-developer-egitimi\\odevler\\onur-demirci\\laravelBlog\\vendor\\laravel\\framework\\src\\Illuminate\\Routing\\Router.php(694): Illuminate\\Pipeline\\Pipeline->then(Object(Closure))
#32 C:\\Users\\WebDev\\Desktop\\full-stack-developer-egitimi\\odevler\\onur-demirci\\laravelBlog\\vendor\\laravel\\framework\\src\\Illuminate\\Routing\\Router.php(669): Illuminate\\Routing\\Router->runRouteWithinStack(Object(Illuminate\\Routing\\Route), Object(Illuminate\\Http\\Request))
#33 C:\\Users\\WebDev\\Desktop\\full-stack-developer-egitimi\\odevler\\onur-demirci\\laravelBlog\\vendor\\laravel\\framework\\src\\Illuminate\\Routing\\Router.php(635): Illuminate\\Routing\\Router->runRoute(Object(Illuminate\\Http\\Request), Object(Illuminate\\Routing\\Route))
#34 C:\\Users\\WebDev\\Desktop\\full-stack-developer-egitimi\\odevler\\onur-demirci\\laravelBlog\\vendor\\laravel\\framework\\src\\Illuminate\\Routing\\Router.php(624): Illuminate\\Routing\\Router->dispatchToRoute(Object(Illuminate\\Http\\Request))
#35 C:\\Users\\WebDev\\Desktop\\full-stack-developer-egitimi\\odevler\\onur-demirci\\laravelBlog\\vendor\\laravel\\framework\\src\\Illuminate\\Foundation\\Http\\Kernel.php(166): Illuminate\\Routing\\Router->dispatch(Object(Illuminate\\Http\\Request))
#36 C:\\Users\\WebDev\\Desktop\\full-stack-developer-egitimi\\odevler\\onur-demirci\\laravelBlog\\vendor\\laravel\\framework\\src\\Illuminate\\Pipeline\\Pipeline.php(128): Illuminate\\Foundation\\Http\\Kernel->Illuminate\\Foundation\\Http\\{closure}(Object(Illuminate\\Http\\Request))
#37 C:\\Users\\WebDev\\Desktop\\full-stack-developer-egitimi\\odevler\\onur-demirci\\laravelBlog\\vendor\\laravel\\framework\\src\\Illuminate\\Foundation\\Http\\Middleware\\TransformsRequest.php(21): Illuminate\\Pipeline\\Pipeline->Illuminate\\Pipeline\\{closure}(Object(Illuminate\\Http\\Request))
#38 C:\\Users\\WebDev\\Desktop\\full-stack-developer-egitimi\\odevler\\onur-demirci\\laravelBlog\\vendor\\laravel\\framework\\src\\Illuminate\\Pipeline\\Pipeline.php(167): Illuminate\\Foundation\\Http\\Middleware\\TransformsRequest->handle(Object(Illuminate\\Http\\Request), Object(Closure))
#39 C:\\Users\\WebDev\\Desktop\\full-stack-developer-egitimi\\odevler\\onur-demirci\\laravelBlog\\vendor\\laravel\\framework\\src\\Illuminate\\Foundation\\Http\\Middleware\\TransformsRequest.php(21): Illuminate\\Pipeline\\Pipeline->Illuminate\\Pipeline\\{closure}(Object(Illuminate\\Http\\Request))
#40 C:\\Users\\WebDev\\Desktop\\full-stack-developer-egitimi\\odevler\\onur-demirci\\laravelBlog\\vendor\\laravel\\framework\\src\\Illuminate\\Pipeline\\Pipeline.php(167): Illuminate\\Foundation\\Http\\Middleware\\TransformsRequest->handle(Object(Illuminate\\Http\\Request), Object(Closure))
#41 C:\\Users\\WebDev\\Desktop\\full-stack-developer-egitimi\\odevler\\onur-demirci\\laravelBlog\\vendor\\laravel\\framework\\src\\Illuminate\\Foundation\\Http\\Middleware\\ValidatePostSize.php(27): Illuminate\\Pipeline\\Pipeline->Illuminate\\Pipeline\\{closure}(Object(Illuminate\\Http\\Request))
#42 C:\\Users\\WebDev\\Desktop\\full-stack-developer-egitimi\\odevler\\onur-demirci\\laravelBlog\\vendor\\laravel\\framework\\src\\Illuminate\\Pipeline\\Pipeline.php(167): Illuminate\\Foundation\\Http\\Middleware\\ValidatePostSize->handle(Object(Illuminate\\Http\\Request), Object(Closure))
#43 C:\\Users\\WebDev\\Desktop\\full-stack-developer-egitimi\\odevler\\onur-demirci\\laravelBlog\\vendor\\laravel\\framework\\src\\Illuminate\\Foundation\\Http\\Middleware\\PreventRequestsDuringMaintenance.php(87): Illuminate\\Pipeline\\Pipeline->Illuminate\\Pipeline\\{closure}(Object(Illuminate\\Http\\Request))
#44 C:\\Users\\WebDev\\Desktop\\full-stack-developer-egitimi\\odevler\\onur-demirci\\laravelBlog\\vendor\\laravel\\framework\\src\\Illuminate\\Pipeline\\Pipeline.php(167): Illuminate\\Foundation\\Http\\Middleware\\PreventRequestsDuringMaintenance->handle(Object(Illuminate\\Http\\Request), Object(Closure))
#45 C:\\Users\\WebDev\\Desktop\\full-stack-developer-egitimi\\odevler\\onur-demirci\\laravelBlog\\vendor\\fruitcake\\laravel-cors\\src\\HandleCors.php(37): Illuminate\\Pipeline\\Pipeline->Illuminate\\Pipeline\\{closure}(Object(Illuminate\\Http\\Request))
#46 C:\\Users\\WebDev\\Desktop\\full-stack-developer-egitimi\\odevler\\onur-demirci\\laravelBlog\\vendor\\laravel\\framework\\src\\Illuminate\\Pipeline\\Pipeline.php(167): Fruitcake\\Cors\\HandleCors->handle(Object(Illuminate\\Http\\Request), Object(Closure))
#47 C:\\Users\\WebDev\\Desktop\\full-stack-developer-egitimi\\odevler\\onur-demirci\\laravelBlog\\vendor\\fideloper\\proxy\\src\\TrustProxies.php(57): Illuminate\\Pipeline\\Pipeline->Illuminate\\Pipeline\\{closure}(Object(Illuminate\\Http\\Request))
#48 C:\\Users\\WebDev\\Desktop\\full-stack-developer-egitimi\\odevler\\onur-demirci\\laravelBlog\\vendor\\laravel\\framework\\src\\Illuminate\\Pipeline\\Pipeline.php(167): Fideloper\\Proxy\\TrustProxies->handle(Object(Illuminate\\Http\\Request), Object(Closure))
#49 C:\\Users\\WebDev\\Desktop\\full-stack-developer-egitimi\\odevler\\onur-demirci\\laravelBlog\\vendor\\laravel\\framework\\src\\Illuminate\\Http\\Middleware\\TrustHosts.php(48): Illuminate\\Pipeline\\Pipeline->Illuminate\\Pipeline\\{closure}(Object(Illuminate\\Http\\Request))
#50 C:\\Users\\WebDev\\Desktop\\full-stack-developer-egitimi\\odevler\\onur-demirci\\laravelBlog\\vendor\\laravel\\framework\\src\\Illuminate\\Pipeline\\Pipeline.php(167): Illuminate\\Http\\Middleware\\TrustHosts->handle(Object(Illuminate\\Http\\Request), Object(Closure))
#51 C:\\Users\\WebDev\\Desktop\\full-stack-developer-egitimi\\odevler\\onur-demirci\\laravelBlog\\vendor\\laravel\\framework\\src\\Illuminate\\Pipeline\\Pipeline.php(103): Illuminate\\Pipeline\\Pipeline->Illuminate\\Pipeline\\{closure}(Object(Illuminate\\Http\\Request))
#52 C:\\Users\\WebDev\\Desktop\\full-stack-developer-egitimi\\odevler\\onur-demirci\\laravelBlog\\vendor\\laravel\\framework\\src\\Illuminate\\Foundation\\Http\\Kernel.php(141): Illuminate\\Pipeline\\Pipeline->then(Object(Closure))
#53 C:\\Users\\WebDev\\Desktop\\full-stack-developer-egitimi\\odevler\\onur-demirci\\laravelBlog\\vendor\\laravel\\framework\\src\\Illuminate\\Foundation\\Http\\Kernel.php(110): Illuminate\\Foundation\\Http\\Kernel->sendRequestThroughRouter(Object(Illuminate\\Http\\Request))
#54 C:\\Users\\WebDev\\Desktop\\full-stack-developer-egitimi\\odevler\\onur-demirci\\laravelBlog\\public\\index.php(52): Illuminate\\Foundation\\Http\\Kernel->handle(Object(Illuminate\\Http\\Request))
#55 C:\\Users\\WebDev\\Desktop\\full-stack-developer-egitimi\\odevler\\onur-demirci\\laravelBlog\\server.php(21): require_once('C:\\\\Users\\\\WebDev...')
#56 {main}
"} 
[2020-12-01 18:52:03] local.ERROR: View [fr] not found. (View: C:\Users\WebDev\Desktop\full-stack-developer-egitimi\odevler\onur-demirci\laravelBlog\resources\views\front\index.blade.php) {"exception":"[object] (Facade\\Ignition\\Exceptions\\ViewException(code: 0): View [fr] not found. (View: C:\\Users\\WebDev\\Desktop\\full-stack-developer-egitimi\\odevler\\onur-demirci\\laravelBlog\esources\\views\\front\\index.blade.php) at C:\\Users\\WebDev\\Desktop\\full-stack-developer-egitimi\\odevler\\onur-demirci\\laravelBlog\\vendor\\laravel\\framework\\src\\Illuminate\\View\\FileViewFinder.php:137)
[stacktrace]
#0 C:\\Users\\WebDev\\Desktop\\full-stack-developer-egitimi\\odevler\\onur-demirci\\laravelBlog\\vendor\\laravel\\framework\\src\\Illuminate\\View\\FileViewFinder.php(79): Illuminate\\View\\FileViewFinder->findInPaths('fr', Array)
#1 C:\\Users\\WebDev\\Desktop\\full-stack-developer-egitimi\\odevler\\onur-demirci\\laravelBlog\\vendor\\laravel\\framework\\src\\Illuminate\\View\\Factory.php(138): Illuminate\\View\\FileViewFinder->find('fr')
#2 C:\\Users\\WebDev\\Desktop\\full-stack-developer-egitimi\\odevler\\onur-demirci\\laravelBlog\esources\\views/front/index.blade.php(34): Illuminate\\View\\Factory->make('fr', Array)
#3 C:\\Users\\WebDev\\Desktop\\full-stack-developer-egitimi\\odevler\\onur-demirci\\laravelBlog\\vendor\\laravel\\framework\\src\\Illuminate\\Filesystem\\Filesystem.php(107): require('C:\\\\Users\\\\WebDev...')
#4 C:\\Users\\WebDev\\Desktop\\full-stack-developer-egitimi\\odevler\\onur-demirci\\laravelBlog\\vendor\\laravel\\framework\\src\\Illuminate\\Filesystem\\Filesystem.php(108): Illuminate\\Filesystem\\Filesystem::Illuminate\\Filesystem\\{closure}()
#5 C:\\Users\\WebDev\\Desktop\\full-stack-developer-egitimi\\odevler\\onur-demirci\\laravelBlog\\vendor\\laravel\\framework\\src\\Illuminate\\View\\Engines\\PhpEngine.php(58): Illuminate\\Filesystem\\Filesystem->getRequire('C:\\\\Users\\\\WebDev...', Array)
#6 C:\\Users\\WebDev\\Desktop\\full-stack-developer-egitimi\\odevler\\onur-demirci\\laravelBlog\\vendor\\laravel\\framework\\src\\Illuminate\\View\\Engines\\CompilerEngine.php(61): Illuminate\\View\\Engines\\PhpEngine->evaluatePath('C:\\\\Users\\\\WebDev...', Array)
#7 C:\\Users\\WebDev\\Desktop\\full-stack-developer-egitimi\\odevler\\onur-demirci\\laravelBlog\\vendor\\facade\\ignition\\src\\Views\\Engines\\CompilerEngine.php(37): Illuminate\\View\\Engines\\CompilerEngine->get('C:\\\\Users\\\\WebDev...', Array)
#8 C:\\Users\\WebDev\\Desktop\\full-stack-developer-egitimi\\odevler\\onur-demirci\\laravelBlog\\vendor\\laravel\\framework\\src\\Illuminate\\View\\View.php(139): Facade\\Ignition\\Views\\Engines\\CompilerEngine->get('C:\\\\Users\\\\WebDev...', Array)
#9 C:\\Users\\WebDev\\Desktop\\full-stack-developer-egitimi\\odevler\\onur-demirci\\laravelBlog\\vendor\\laravel\\framework\\src\\Illuminate\\View\\View.php(122): Illuminate\\View\\View->getContents()
#10 C:\\Users\\WebDev\\Desktop\\full-stack-developer-egitimi\\odevler\\onur-demirci\\laravelBlog\\vendor\\laravel\\framework\\src\\Illuminate\\View\\View.php(91): Illuminate\\View\\View->renderContents()
#11 C:\\Users\\WebDev\\Desktop\\full-stack-developer-egitimi\\odevler\\onur-demirci\\laravelBlog\\vendor\\laravel\\framework\\src\\Illuminate\\Http\\Response.php(62): Illuminate\\View\\View->render()
#12 C:\\Users\\WebDev\\Desktop\\full-stack-developer-egitimi\\odevler\\onur-demirci\\laravelBlog\\vendor\\laravel\\framework\\src\\Illuminate\\Http\\Response.php(34): Illuminate\\Http\\Response->setContent(Object(Illuminate\\View\\View))
#13 C:\\Users\\WebDev\\Desktop\\full-stack-developer-egitimi\\odevler\\onur-demirci\\laravelBlog\\vendor\\laravel\\framework\\src\\Illuminate\\Routing\\Router.php(780): Illuminate\\Http\\Response->__construct(Object(Illuminate\\View\\View), 200, Array)
#14 C:\\Users\\WebDev\\Desktop\\full-stack-developer-egitimi\\odevler\\onur-demirci\\laravelBlog\\vendor\\laravel\\framework\\src\\Illuminate\\Routing\\Router.php(752): Illuminate\\Routing\\Router::toResponse(Object(Illuminate\\Http\\Request), Object(Illuminate\\View\\View))
#15 C:\\Users\\WebDev\\Desktop\\full-stack-developer-egitimi\\odevler\\onur-demirci\\laravelBlog\\vendor\\laravel\\framework\\src\\Illuminate\\Routing\\Router.php(692): Illuminate\\Routing\\Router->prepareResponse(Object(Illuminate\\Http\\Request), Object(Illuminate\\View\\View))
#16 C:\\Users\\WebDev\\Desktop\\full-stack-developer-egitimi\\odevler\\onur-demirci\\laravelBlog\\vendor\\laravel\\framework\\src\\Illuminate\\Pipeline\\Pipeline.php(128): Illuminate\\Routing\\Router->Illuminate\\Routing\\{closure}(Object(Illuminate\\Http\\Request))
#17 C:\\Users\\WebDev\\Desktop\\full-stack-developer-egitimi\\odevler\\onur-demirci\\laravelBlog\\vendor\\laravel\\framework\\src\\Illuminate\\Routing\\Middleware\\SubstituteBindings.php(41): Illuminate\\Pipeline\\Pipeline->Illuminate\\Pipeline\\{closure}(Object(Illuminate\\Http\\Request))
#18 C:\\Users\\WebDev\\Desktop\\full-stack-developer-egitimi\\odevler\\onur-demirci\\laravelBlog\\vendor\\laravel\\framework\\src\\Illuminate\\Pipeline\\Pipeline.php(167): Illuminate\\Routing\\Middleware\\SubstituteBindings->handle(Object(Illuminate\\Http\\Request), Object(Closure))
#19 C:\\Users\\WebDev\\Desktop\\full-stack-developer-egitimi\\odevler\\onur-demirci\\laravelBlog\\vendor\\laravel\\framework\\src\\Illuminate\\Foundation\\Http\\Middleware\\VerifyCsrfToken.php(77): Illuminate\\Pipeline\\Pipeline->Illuminate\\Pipeline\\{closure}(Object(Illuminate\\Http\\Request))
#20 C:\\Users\\WebDev\\Desktop\\full-stack-developer-egitimi\\odevler\\onur-demirci\\laravelBlog\\vendor\\laravel\\framework\\src\\Illuminate\\Pipeline\\Pipeline.php(167): Illuminate\\Foundation\\Http\\Middleware\\VerifyCsrfToken->handle(Object(Illuminate\\Http\\Request), Object(Closure))
#21 C:\\Users\\WebDev\\Desktop\\full-stack-developer-egitimi\\odevler\\onur-demirci\\laravelBlog\\vendor\\laravel\\framework\\src\\Illuminate\\View\\Middleware\\ShareErrorsFromSession.php(49): Illuminate\\Pipeline\\Pipeline->Illuminate\\Pipeline\\{closure}(Object(Illuminate\\Http\\Request))
#22 C:\\Users\\WebDev\\Desktop\\full-stack-developer-egitimi\\odevler\\onur-demirci\\laravelBlog\\vendor\\laravel\\framework\\src\\Illuminate\\Pipeline\\Pipeline.php(167): Illuminate\\View\\Middleware\\ShareErrorsFromSession->handle(Object(Illuminate\\Http\\Request), Object(Closure))
#23 C:\\Users\\WebDev\\Desktop\\full-stack-developer-egitimi\\odevler\\onur-demirci\\laravelBlog\\vendor\\laravel\\framework\\src\\Illuminate\\Session\\Middleware\\StartSession.php(121): Illuminate\\Pipeline\\Pipeline->Illuminate\\Pipeline\\{closure}(Object(Illuminate\\Http\\Request))
#24 C:\\Users\\WebDev\\Desktop\\full-stack-developer-egitimi\\odevler\\onur-demirci\\laravelBlog\\vendor\\laravel\\framework\\src\\Illuminate\\Session\\Middleware\\StartSession.php(63): Illuminate\\Session\\Middleware\\StartSession->handleStatefulRequest(Object(Illuminate\\Http\\Request), Object(Illuminate\\Session\\Store), Object(Closure))
#25 C:\\Users\\WebDev\\Desktop\\full-stack-developer-egitimi\\odevler\\onur-demirci\\laravelBlog\\vendor\\laravel\\framework\\src\\Illuminate\\Pipeline\\Pipeline.php(167): Illuminate\\Session\\Middleware\\StartSession->handle(Object(Illuminate\\Http\\Request), Object(Closure))
#26 C:\\Users\\WebDev\\Desktop\\full-stack-developer-egitimi\\odevler\\onur-demirci\\laravelBlog\\vendor\\laravel\\framework\\src\\Illuminate\\Cookie\\Middleware\\AddQueuedCookiesToResponse.php(37): Illuminate\\Pipeline\\Pipeline->Illuminate\\Pipeline\\{closure}(Object(Illuminate\\Http\\Request))
#27 C:\\Users\\WebDev\\Desktop\\full-stack-developer-egitimi\\odevler\\onur-demirci\\laravelBlog\\vendor\\laravel\\framework\\src\\Illuminate\\Pipeline\\Pipeline.php(167): Illuminate\\Cookie\\Middleware\\AddQueuedCookiesToResponse->handle(Object(Illuminate\\Http\\Request), Object(Closure))
#28 C:\\Users\\WebDev\\Desktop\\full-stack-developer-egitimi\\odevler\\onur-demirci\\laravelBlog\\vendor\\laravel\\framework\\src\\Illuminate\\Cookie\\Middleware\\EncryptCookies.php(67): Illuminate\\Pipeline\\Pipeline->Illuminate\\Pipeline\\{closure}(Object(Illuminate\\Http\\Request))
#29 C:\\Users\\WebDev\\Desktop\\full-stack-developer-egitimi\\odevler\\onur-demirci\\laravelBlog\\vendor\\laravel\\framework\\src\\Illuminate\\Pipeline\\Pipeline.php(167): Illuminate\\Cookie\\Middleware\\EncryptCookies->handle(Object(Illuminate\\Http\\Request), Object(Closure))
#30 C:\\Users\\WebDev\\Desktop\\full-stack-developer-egitimi\\odevler\\onur-demirci\\laravelBlog\\vendor\\laravel\\framework\\src\\Illuminate\\Pipeline\\Pipeline.php(103): Illuminate\\Pipeline\\Pipeline->Illuminate\\Pipeline\\{closure}(Object(Illuminate\\Http\\Request))
#31 C:\\Users\\WebDev\\Desktop\\full-stack-developer-egitimi\\odevler\\onur-demirci\\laravelBlog\\vendor\\laravel\\framework\\src\\Illuminate\\Routing\\Router.php(694): Illuminate\\Pipeline\\Pipeline->then(Object(Closure))
#32 C:\\Users\\WebDev\\Desktop\\full-stack-developer-egitimi\\odevler\\onur-demirci\\laravelBlog\\vendor\\laravel\\framework\\src\\Illuminate\\Routing\\Router.php(669): Illuminate\\Routing\\Router->runRouteWithinStack(Object(Illuminate\\Routing\\Route), Object(Illuminate\\Http\\Request))
#33 C:\\Users\\WebDev\\Desktop\\full-stack-developer-egitimi\\odevler\\onur-demirci\\laravelBlog\\vendor\\laravel\\framework\\src\\Illuminate\\Routing\\Router.php(635): Illuminate\\Routing\\Router->runRoute(Object(Illuminate\\Http\\Request), Object(Illuminate\\Routing\\Route))
#34 C:\\Users\\WebDev\\Desktop\\full-stack-developer-egitimi\\odevler\\onur-demirci\\laravelBlog\\vendor\\laravel\\framework\\src\\Illuminate\\Routing\\Router.php(624): Illuminate\\Routing\\Router->dispatchToRoute(Object(Illuminate\\Http\\Request))
#35 C:\\Users\\WebDev\\Desktop\\full-stack-developer-egitimi\\odevler\\onur-demirci\\laravelBlog\\vendor\\laravel\\framework\\src\\Illuminate\\Foundation\\Http\\Kernel.php(166): Illuminate\\Routing\\Router->dispatch(Object(Illuminate\\Http\\Request))
#36 C:\\Users\\WebDev\\Desktop\\full-stack-developer-egitimi\\odevler\\onur-demirci\\laravelBlog\\vendor\\laravel\\framework\\src\\Illuminate\\Pipeline\\Pipeline.php(128): Illuminate\\Foundation\\Http\\Kernel->Illuminate\\Foundation\\Http\\{closure}(Object(Illuminate\\Http\\Request))
#37 C:\\Users\\WebDev\\Desktop\\full-stack-developer-egitimi\\odevler\\onur-demirci\\laravelBlog\\vendor\\laravel\\framework\\src\\Illuminate\\Foundation\\Http\\Middleware\\TransformsRequest.php(21): Illuminate\\Pipeline\\Pipeline->Illuminate\\Pipeline\\{closure}(Object(Illuminate\\Http\\Request))
#38 C:\\Users\\WebDev\\Desktop\\full-stack-developer-egitimi\\odevler\\onur-demirci\\laravelBlog\\vendor\\laravel\\framework\\src\\Illuminate\\Pipeline\\Pipeline.php(167): Illuminate\\Foundation\\Http\\Middleware\\TransformsRequest->handle(Object(Illuminate\\Http\\Request), Object(Closure))
#39 C:\\Users\\WebDev\\Desktop\\full-stack-developer-egitimi\\odevler\\onur-demirci\\laravelBlog\\vendor\\laravel\\framework\\src\\Illuminate\\Foundation\\Http\\Middleware\\TransformsRequest.php(21): Illuminate\\Pipeline\\Pipeline->Illuminate\\Pipeline\\{closure}(Object(Illuminate\\Http\\Request))
#40 C:\\Users\\WebDev\\Desktop\\full-stack-developer-egitimi\\odevler\\onur-demirci\\laravelBlog\\vendor\\laravel\\framework\\src\\Illuminate\\Pipeline\\Pipeline.php(167): Illuminate\\Foundation\\Http\\Middleware\\TransformsRequest->handle(Object(Illuminate\\Http\\Request), Object(Closure))
#41 C:\\Users\\WebDev\\Desktop\\full-stack-developer-egitimi\\odevler\\onur-demirci\\laravelBlog\\vendor\\laravel\\framework\\src\\Illuminate\\Foundation\\Http\\Middleware\\ValidatePostSize.php(27): Illuminate\\Pipeline\\Pipeline->Illuminate\\Pipeline\\{closure}(Object(Illuminate\\Http\\Request))
#42 C:\\Users\\WebDev\\Desktop\\full-stack-developer-egitimi\\odevler\\onur-demirci\\laravelBlog\\vendor\\laravel\\framework\\src\\Illuminate\\Pipeline\\Pipeline.php(167): Illuminate\\Foundation\\Http\\Middleware\\ValidatePostSize->handle(Object(Illuminate\\Http\\Request), Object(Closure))
#43 C:\\Users\\WebDev\\Desktop\\full-stack-developer-egitimi\\odevler\\onur-demirci\\laravelBlog\\vendor\\laravel\\framework\\src\\Illuminate\\Foundation\\Http\\Middleware\\PreventRequestsDuringMaintenance.php(87): Illuminate\\Pipeline\\Pipeline->Illuminate\\Pipeline\\{closure}(Object(Illuminate\\Http\\Request))
#44 C:\\Users\\WebDev\\Desktop\\full-stack-developer-egitimi\\odevler\\onur-demirci\\laravelBlog\\vendor\\laravel\\framework\\src\\Illuminate\\Pipeline\\Pipeline.php(167): Illuminate\\Foundation\\Http\\Middleware\\PreventRequestsDuringMaintenance->handle(Object(Illuminate\\Http\\Request), Object(Closure))
#45 C:\\Users\\WebDev\\Desktop\\full-stack-developer-egitimi\\odevler\\onur-demirci\\laravelBlog\\vendor\\fruitcake\\laravel-cors\\src\\HandleCors.php(37): Illuminate\\Pipeline\\Pipeline->Illuminate\\Pipeline\\{closure}(Object(Illuminate\\Http\\Request))
#46 C:\\Users\\WebDev\\Desktop\\full-stack-developer-egitimi\\odevler\\onur-demirci\\laravelBlog\\vendor\\laravel\\framework\\src\\Illuminate\\Pipeline\\Pipeline.php(167): Fruitcake\\Cors\\HandleCors->handle(Object(Illuminate\\Http\\Request), Object(Closure))
#47 C:\\Users\\WebDev\\Desktop\\full-stack-developer-egitimi\\odevler\\onur-demirci\\laravelBlog\\vendor\\fideloper\\proxy\\src\\TrustProxies.php(57): Illuminate\\Pipeline\\Pipeline->Illuminate\\Pipeline\\{closure}(Object(Illuminate\\Http\\Request))
#48 C:\\Users\\WebDev\\Desktop\\full-stack-developer-egitimi\\odevler\\onur-demirci\\laravelBlog\\vendor\\laravel\\framework\\src\\Illuminate\\Pipeline\\Pipeline.php(167): Fideloper\\Proxy\\TrustProxies->handle(Object(Illuminate\\Http\\Request), Object(Closure))
#49 C:\\Users\\WebDev\\Desktop\\full-stack-developer-egitimi\\odevler\\onur-demirci\\laravelBlog\\vendor\\laravel\\framework\\src\\Illuminate\\Http\\Middleware\\TrustHosts.php(48): Illuminate\\Pipeline\\Pipeline->Illuminate\\Pipeline\\{closure}(Object(Illuminate\\Http\\Request))
#50 C:\\Users\\WebDev\\Desktop\\full-stack-developer-egitimi\\odevler\\onur-demirci\\laravelBlog\\vendor\\laravel\\framework\\src\\Illuminate\\Pipeline\\Pipeline.php(167): Illuminate\\Http\\Middleware\\TrustHosts->handle(Object(Illuminate\\Http\\Request), Object(Closure))
#51 C:\\Users\\WebDev\\Desktop\\full-stack-developer-egitimi\\odevler\\onur-demirci\\laravelBlog\\vendor\\laravel\\framework\\src\\Illuminate\\Pipeline\\Pipeline.php(103): Illuminate\\Pipeline\\Pipeline->Illuminate\\Pipeline\\{closure}(Object(Illuminate\\Http\\Request))
#52 C:\\Users\\WebDev\\Desktop\\full-stack-developer-egitimi\\odevler\\onur-demirci\\laravelBlog\\vendor\\laravel\\framework\\src\\Illuminate\\Foundation\\Http\\Kernel.php(141): Illuminate\\Pipeline\\Pipeline->then(Object(Closure))
#53 C:\\Users\\WebDev\\Desktop\\full-stack-developer-egitimi\\odevler\\onur-demirci\\laravelBlog\\vendor\\laravel\\framework\\src\\Illuminate\\Foundation\\Http\\Kernel.php(110): Illuminate\\Foundation\\Http\\Kernel->sendRequestThroughRouter(Object(Illuminate\\Http\\Request))
#54 C:\\Users\\WebDev\\Desktop\\full-stack-developer-egitimi\\odevler\\onur-demirci\\laravelBlog\\public\\index.php(52): Illuminate\\Foundation\\Http\\Kernel->handle(Object(Illuminate\\Http\\Request))
#55 C:\\Users\\WebDev\\Desktop\\full-stack-developer-egitimi\\odevler\\onur-demirci\\laravelBlog\\server.php(21): require_once('C:\\\\Users\\\\WebDev...')
#56 {main}

[previous exception] [object] (InvalidArgumentException(code: 0): View [fr] not found. at C:\\Users\\WebDev\\Desktop\\full-stack-developer-egitimi\\odevler\\onur-demirci\\laravelBlog\\vendor\\laravel\\framework\\src\\Illuminate\\View\\FileViewFinder.php:137)
[stacktrace]
#0 C:\\Users\\WebDev\\Desktop\\full-stack-developer-egitimi\\odevler\\onur-demirci\\laravelBlog\\vendor\\laravel\\framework\\src\\Illuminate\\View\\FileViewFinder.php(79): Illuminate\\View\\FileViewFinder->findInPaths('fr', Array)
#1 C:\\Users\\WebDev\\Desktop\\full-stack-developer-egitimi\\odevler\\onur-demirci\\laravelBlog\\vendor\\laravel\\framework\\src\\Illuminate\\View\\Factory.php(138): Illuminate\\View\\FileViewFinder->find('fr')
#2 C:\\Users\\WebDev\\Desktop\\full-stack-developer-egitimi\\odevler\\onur-demirci\\laravelBlog\\storage\\framework\\views\\e691fa2e5fe799d15430ecd45aadda089e4ca334.php(34): Illuminate\\View\\Factory->make('fr', Array)
#3 C:\\Users\\WebDev\\Desktop\\full-stack-developer-egitimi\\odevler\\onur-demirci\\laravelBlog\\vendor\\laravel\\framework\\src\\Illuminate\\Filesystem\\Filesystem.php(107): require('C:\\\\Users\\\\WebDev...')
#4 C:\\Users\\WebDev\\Desktop\\full-stack-developer-egitimi\\odevler\\onur-demirci\\laravelBlog\\vendor\\laravel\\framework\\src\\Illuminate\\Filesystem\\Filesystem.php(108): Illuminate\\Filesystem\\Filesystem::Illuminate\\Filesystem\\{closure}()
#5 C:\\Users\\WebDev\\Desktop\\full-stack-developer-egitimi\\odevler\\onur-demirci\\laravelBlog\\vendor\\laravel\\framework\\src\\Illuminate\\View\\Engines\\PhpEngine.php(58): Illuminate\\Filesystem\\Filesystem->getRequire('C:\\\\Users\\\\WebDev...', Array)
#6 C:\\Users\\WebDev\\Desktop\\full-stack-developer-egitimi\\odevler\\onur-demirci\\laravelBlog\\vendor\\laravel\\framework\\src\\Illuminate\\View\\Engines\\CompilerEngine.php(61): Illuminate\\View\\Engines\\PhpEngine->evaluatePath('C:\\\\Users\\\\WebDev...', Array)
#7 C:\\Users\\WebDev\\Desktop\\full-stack-developer-egitimi\\odevler\\onur-demirci\\laravelBlog\\vendor\\facade\\ignition\\src\\Views\\Engines\\CompilerEngine.php(37): Illuminate\\View\\Engines\\CompilerEngine->get('C:\\\\Users\\\\WebDev...', Array)
#8 C:\\Users\\WebDev\\Desktop\\full-stack-developer-egitimi\\odevler\\onur-demirci\\laravelBlog\\vendor\\laravel\\framework\\src\\Illuminate\\View\\View.php(139): Facade\\Ignition\\Views\\Engines\\CompilerEngine->get('C:\\\\Users\\\\WebDev...', Array)
#9 C:\\Users\\WebDev\\Desktop\\full-stack-developer-egitimi\\odevler\\onur-demirci\\laravelBlog\\vendor\\laravel\\framework\\src\\Illuminate\\View\\View.php(122): Illuminate\\View\\View->getContents()
#10 C:\\Users\\WebDev\\Desktop\\full-stack-developer-egitimi\\odevler\\onur-demirci\\laravelBlog\\vendor\\laravel\\framework\\src\\Illuminate\\View\\View.php(91): Illuminate\\View\\View->renderContents()
#11 C:\\Users\\WebDev\\Desktop\\full-stack-developer-egitimi\\odevler\\onur-demirci\\laravelBlog\\vendor\\laravel\\framework\\src\\Illuminate\\Http\\Response.php(62): Illuminate\\View\\View->render()
#12 C:\\Users\\WebDev\\Desktop\\full-stack-developer-egitimi\\odevler\\onur-demirci\\laravelBlog\\vendor\\laravel\\framework\\src\\Illuminate\\Http\\Response.php(34): Illuminate\\Http\\Response->setContent(Object(Illuminate\\View\\View))
#13 C:\\Users\\WebDev\\Desktop\\full-stack-developer-egitimi\\odevler\\onur-demirci\\laravelBlog\\vendor\\laravel\\framework\\src\\Illuminate\\Routing\\Router.php(780): Illuminate\\Http\\Response->__construct(Object(Illuminate\\View\\View), 200, Array)
#14 C:\\Users\\WebDev\\Desktop\\full-stack-developer-egitimi\\odevler\\onur-demirci\\laravelBlog\\vendor\\laravel\\framework\\src\\Illuminate\\Routing\\Router.php(752): Illuminate\\Routing\\Router::toResponse(Object(Illuminate\\Http\\Request), Object(Illuminate\\View\\View))
#15 C:\\Users\\WebDev\\Desktop\\full-stack-developer-egitimi\\odevler\\onur-demirci\\laravelBlog\\vendor\\laravel\\framework\\src\\Illuminate\\Routing\\Router.php(692): Illuminate\\Routing\\Router->prepareResponse(Object(Illuminate\\Http\\Request), Object(Illuminate\\View\\View))
#16 C:\\Users\\WebDev\\Desktop\\full-stack-developer-egitimi\\odevler\\onur-demirci\\laravelBlog\\vendor\\laravel\\framework\\src\\Illuminate\\Pipeline\\Pipeline.php(128): Illuminate\\Routing\\Router->Illuminate\\Routing\\{closure}(Object(Illuminate\\Http\\Request))
#17 C:\\Users\\WebDev\\Desktop\\full-stack-developer-egitimi\\odevler\\onur-demirci\\laravelBlog\\vendor\\laravel\\framework\\src\\Illuminate\\Routing\\Middleware\\SubstituteBindings.php(41): Illuminate\\Pipeline\\Pipeline->Illuminate\\Pipeline\\{closure}(Object(Illuminate\\Http\\Request))
#18 C:\\Users\\WebDev\\Desktop\\full-stack-developer-egitimi\\odevler\\onur-demirci\\laravelBlog\\vendor\\laravel\\framework\\src\\Illuminate\\Pipeline\\Pipeline.php(167): Illuminate\\Routing\\Middleware\\SubstituteBindings->handle(Object(Illuminate\\Http\\Request), Object(Closure))
#19 C:\\Users\\WebDev\\Desktop\\full-stack-developer-egitimi\\odevler\\onur-demirci\\laravelBlog\\vendor\\laravel\\framework\\src\\Illuminate\\Foundation\\Http\\Middleware\\VerifyCsrfToken.php(77): Illuminate\\Pipeline\\Pipeline->Illuminate\\Pipeline\\{closure}(Object(Illuminate\\Http\\Request))
#20 C:\\Users\\WebDev\\Desktop\\full-stack-developer-egitimi\\odevler\\onur-demirci\\laravelBlog\\vendor\\laravel\\framework\\src\\Illuminate\\Pipeline\\Pipeline.php(167): Illuminate\\Foundation\\Http\\Middleware\\VerifyCsrfToken->handle(Object(Illuminate\\Http\\Request), Object(Closure))
#21 C:\\Users\\WebDev\\Desktop\\full-stack-developer-egitimi\\odevler\\onur-demirci\\laravelBlog\\vendor\\laravel\\framework\\src\\Illuminate\\View\\Middleware\\ShareErrorsFromSession.php(49): Illuminate\\Pipeline\\Pipeline->Illuminate\\Pipeline\\{closure}(Object(Illuminate\\Http\\Request))
#22 C:\\Users\\WebDev\\Desktop\\full-stack-developer-egitimi\\odevler\\onur-demirci\\laravelBlog\\vendor\\laravel\\framework\\src\\Illuminate\\Pipeline\\Pipeline.php(167): Illuminate\\View\\Middleware\\ShareErrorsFromSession->handle(Object(Illuminate\\Http\\Request), Object(Closure))
#23 C:\\Users\\WebDev\\Desktop\\full-stack-developer-egitimi\\odevler\\onur-demirci\\laravelBlog\\vendor\\laravel\\framework\\src\\Illuminate\\Session\\Middleware\\StartSession.php(121): Illuminate\\Pipeline\\Pipeline->Illuminate\\Pipeline\\{closure}(Object(Illuminate\\Http\\Request))
#24 C:\\Users\\WebDev\\Desktop\\full-stack-developer-egitimi\\odevler\\onur-demirci\\laravelBlog\\vendor\\laravel\\framework\\src\\Illuminate\\Session\\Middleware\\StartSession.php(63): Illuminate\\Session\\Middleware\\StartSession->handleStatefulRequest(Object(Illuminate\\Http\\Request), Object(Illuminate\\Session\\Store), Object(Closure))
#25 C:\\Users\\WebDev\\Desktop\\full-stack-developer-egitimi\\odevler\\onur-demirci\\laravelBlog\\vendor\\laravel\\framework\\src\\Illuminate\\Pipeline\\Pipeline.php(167): Illuminate\\Session\\Middleware\\StartSession->handle(Object(Illuminate\\Http\\Request), Object(Closure))
#26 C:\\Users\\WebDev\\Desktop\\full-stack-developer-egitimi\\odevler\\onur-demirci\\laravelBlog\\vendor\\laravel\\framework\\src\\Illuminate\\Cookie\\Middleware\\AddQueuedCookiesToResponse.php(37): Illuminate\\Pipeline\\Pipeline->Illuminate\\Pipeline\\{closure}(Object(Illuminate\\Http\\Request))
#27 C:\\Users\\WebDev\\Desktop\\full-stack-developer-egitimi\\odevler\\onur-demirci\\laravelBlog\\vendor\\laravel\\framework\\src\\Illuminate\\Pipeline\\Pipeline.php(167): Illuminate\\Cookie\\Middleware\\AddQueuedCookiesToResponse->handle(Object(Illuminate\\Http\\Request), Object(Closure))
#28 C:\\Users\\WebDev\\Desktop\\full-stack-developer-egitimi\\odevler\\onur-demirci\\laravelBlog\\vendor\\laravel\\framework\\src\\Illuminate\\Cookie\\Middleware\\EncryptCookies.php(67): Illuminate\\Pipeline\\Pipeline->Illuminate\\Pipeline\\{closure}(Object(Illuminate\\Http\\Request))
#29 C:\\Users\\WebDev\\Desktop\\full-stack-developer-egitimi\\odevler\\onur-demirci\\laravelBlog\\vendor\\laravel\\framework\\src\\Illuminate\\Pipeline\\Pipeline.php(167): Illuminate\\Cookie\\Middleware\\EncryptCookies->handle(Object(Illuminate\\Http\\Request), Object(Closure))
#30 C:\\Users\\WebDev\\Desktop\\full-stack-developer-egitimi\\odevler\\onur-demirci\\laravelBlog\\vendor\\laravel\\framework\\src\\Illuminate\\Pipeline\\Pipeline.php(103): Illuminate\\Pipeline\\Pipeline->Illuminate\\Pipeline\\{closure}(Object(Illuminate\\Http\\Request))
#31 C:\\Users\\WebDev\\Desktop\\full-stack-developer-egitimi\\odevler\\onur-demirci\\laravelBlog\\vendor\\laravel\\framework\\src\\Illuminate\\Routing\\Router.php(694): Illuminate\\Pipeline\\Pipeline->then(Object(Closure))
#32 C:\\Users\\WebDev\\Desktop\\full-stack-developer-egitimi\\odevler\\onur-demirci\\laravelBlog\\vendor\\laravel\\framework\\src\\Illuminate\\Routing\\Router.php(669): Illuminate\\Routing\\Router->runRouteWithinStack(Object(Illuminate\\Routing\\Route), Object(Illuminate\\Http\\Request))
#33 C:\\Users\\WebDev\\Desktop\\full-stack-developer-egitimi\\odevler\\onur-demirci\\laravelBlog\\vendor\\laravel\\framework\\src\\Illuminate\\Routing\\Router.php(635): Illuminate\\Routing\\Router->runRoute(Object(Illuminate\\Http\\Request), Object(Illuminate\\Routing\\Route))
#34 C:\\Users\\WebDev\\Desktop\\full-stack-developer-egitimi\\odevler\\onur-demirci\\laravelBlog\\vendor\\laravel\\framework\\src\\Illuminate\\Routing\\Router.php(624): Illuminate\\Routing\\Router->dispatchToRoute(Object(Illuminate\\Http\\Request))
#35 C:\\Users\\WebDev\\Desktop\\full-stack-developer-egitimi\\odevler\\onur-demirci\\laravelBlog\\vendor\\laravel\\framework\\src\\Illuminate\\Foundation\\Http\\Kernel.php(166): Illuminate\\Routing\\Router->dispatch(Object(Illuminate\\Http\\Request))
#36 C:\\Users\\WebDev\\Desktop\\full-stack-developer-egitimi\\odevler\\onur-demirci\\laravelBlog\\vendor\\laravel\\framework\\src\\Illuminate\\Pipeline\\Pipeline.php(128): Illuminate\\Foundation\\Http\\Kernel->Illuminate\\Foundation\\Http\\{closure}(Object(Illuminate\\Http\\Request))
#37 C:\\Users\\WebDev\\Desktop\\full-stack-developer-egitimi\\odevler\\onur-demirci\\laravelBlog\\vendor\\laravel\\framework\\src\\Illuminate\\Foundation\\Http\\Middleware\\TransformsRequest.php(21): Illuminate\\Pipeline\\Pipeline->Illuminate\\Pipeline\\{closure}(Object(Illuminate\\Http\\Request))
#38 C:\\Users\\WebDev\\Desktop\\full-stack-developer-egitimi\\odevler\\onur-demirci\\laravelBlog\\vendor\\laravel\\framework\\src\\Illuminate\\Pipeline\\Pipeline.php(167): Illuminate\\Foundation\\Http\\Middleware\\TransformsRequest->handle(Object(Illuminate\\Http\\Request), Object(Closure))
#39 C:\\Users\\WebDev\\Desktop\\full-stack-developer-egitimi\\odevler\\onur-demirci\\laravelBlog\\vendor\\laravel\\framework\\src\\Illuminate\\Foundation\\Http\\Middleware\\TransformsRequest.php(21): Illuminate\\Pipeline\\Pipeline->Illuminate\\Pipeline\\{closure}(Object(Illuminate\\Http\\Request))
#40 C:\\Users\\WebDev\\Desktop\\full-stack-developer-egitimi\\odevler\\onur-demirci\\laravelBlog\\vendor\\laravel\\framework\\src\\Illuminate\\Pipeline\\Pipeline.php(167): Illuminate\\Foundation\\Http\\Middleware\\TransformsRequest->handle(Object(Illuminate\\Http\\Request), Object(Closure))
#41 C:\\Users\\WebDev\\Desktop\\full-stack-developer-egitimi\\odevler\\onur-demirci\\laravelBlog\\vendor\\laravel\\framework\\src\\Illuminate\\Foundation\\Http\\Middleware\\ValidatePostSize.php(27): Illuminate\\Pipeline\\Pipeline->Illuminate\\Pipeline\\{closure}(Object(Illuminate\\Http\\Request))
#42 C:\\Users\\WebDev\\Desktop\\full-stack-developer-egitimi\\odevler\\onur-demirci\\laravelBlog\\vendor\\laravel\\framework\\src\\Illuminate\\Pipeline\\Pipeline.php(167): Illuminate\\Foundation\\Http\\Middleware\\ValidatePostSize->handle(Object(Illuminate\\Http\\Request), Object(Closure))
#43 C:\\Users\\WebDev\\Desktop\\full-stack-developer-egitimi\\odevler\\onur-demirci\\laravelBlog\\vendor\\laravel\\framework\\src\\Illuminate\\Foundation\\Http\\Middleware\\PreventRequestsDuringMaintenance.php(87): Illuminate\\Pipeline\\Pipeline->Illuminate\\Pipeline\\{closure}(Object(Illuminate\\Http\\Request))
#44 C:\\Users\\WebDev\\Desktop\\full-stack-developer-egitimi\\odevler\\onur-demirci\\laravelBlog\\vendor\\laravel\\framework\\src\\Illuminate\\Pipeline\\Pipeline.php(167): Illuminate\\Foundation\\Http\\Middleware\\PreventRequestsDuringMaintenance->handle(Object(Illuminate\\Http\\Request), Object(Closure))
#45 C:\\Users\\WebDev\\Desktop\\full-stack-developer-egitimi\\odevler\\onur-demirci\\laravelBlog\\vendor\\fruitcake\\laravel-cors\\src\\HandleCors.php(37): Illuminate\\Pipeline\\Pipeline->Illuminate\\Pipeline\\{closure}(Object(Illuminate\\Http\\Request))
#46 C:\\Users\\WebDev\\Desktop\\full-stack-developer-egitimi\\odevler\\onur-demirci\\laravelBlog\\vendor\\laravel\\framework\\src\\Illuminate\\Pipeline\\Pipeline.php(167): Fruitcake\\Cors\\HandleCors->handle(Object(Illuminate\\Http\\Request), Object(Closure))
#47 C:\\Users\\WebDev\\Desktop\\full-stack-developer-egitimi\\odevler\\onur-demirci\\laravelBlog\\vendor\\fideloper\\proxy\\src\\TrustProxies.php(57): Illuminate\\Pipeline\\Pipeline->Illuminate\\Pipeline\\{closure}(Object(Illuminate\\Http\\Request))
#48 C:\\Users\\WebDev\\Desktop\\full-stack-developer-egitimi\\odevler\\onur-demirci\\laravelBlog\\vendor\\laravel\\framework\\src\\Illuminate\\Pipeline\\Pipeline.php(167): Fideloper\\Proxy\\TrustProxies->handle(Object(Illuminate\\Http\\Request), Object(Closure))
#49 C:\\Users\\WebDev\\Desktop\\full-stack-developer-egitimi\\odevler\\onur-demirci\\laravelBlog\\vendor\\laravel\\framework\\src\\Illuminate\\Http\\Middleware\\TrustHosts.php(48): Illuminate\\Pipeline\\Pipeline->Illuminate\\Pipeline\\{closure}(Object(Illuminate\\Http\\Request))
#50 C:\\Users\\WebDev\\Desktop\\full-stack-developer-egitimi\\odevler\\onur-demirci\\laravelBlog\\vendor\\laravel\\framework\\src\\Illuminate\\Pipeline\\Pipeline.php(167): Illuminate\\Http\\Middleware\\TrustHosts->handle(Object(Illuminate\\Http\\Request), Object(Closure))
#51 C:\\Users\\WebDev\\Desktop\\full-stack-developer-egitimi\\odevler\\onur-demirci\\laravelBlog\\vendor\\laravel\\framework\\src\\Illuminate\\Pipeline\\Pipeline.php(103): Illuminate\\Pipeline\\Pipeline->Illuminate\\Pipeline\\{closure}(Object(Illuminate\\Http\\Request))
#52 C:\\Users\\WebDev\\Desktop\\full-stack-developer-egitimi\\odevler\\onur-demirci\\laravelBlog\\vendor\\laravel\\framework\\src\\Illuminate\\Foundation\\Http\\Kernel.php(141): Illuminate\\Pipeline\\Pipeline->then(Object(Closure))
#53 C:\\Users\\WebDev\\Desktop\\full-stack-developer-egitimi\\odevler\\onur-demirci\\laravelBlog\\vendor\\laravel\\framework\\src\\Illuminate\\Foundation\\Http\\Kernel.php(110): Illuminate\\Foundation\\Http\\Kernel->sendRequestThroughRouter(Object(Illuminate\\Http\\Request))
#54 C:\\Users\\WebDev\\Desktop\\full-stack-developer-egitimi\\odevler\\onur-demirci\\laravelBlog\\public\\index.php(52): Illuminate\\Foundation\\Http\\Kernel->handle(Object(Illuminate\\Http\\Request))
#55 C:\\Users\\WebDev\\Desktop\\full-stack-developer-egitimi\\odevler\\onur-demirci\\laravelBlog\\server.php(21): require_once('C:\\\\Users\\\\WebDev...')
#56 {main}
"} 
[2020-12-01 18:53:13] local.ERROR: Not enough arguments (missing: "name"). {"exception":"[object] (Symfony\\Component\\Console\\Exception\\RuntimeException(code: 0): Not enough arguments (missing: \"name\"). at C:\\Users\\WebDev\\Desktop\\full-stack-developer-egitimi\\odevler\\onur-demirci\\laravelBlog\\vendor\\symfony\\console\\Input\\Input.php:76)
[stacktrace]
#0 C:\\Users\\WebDev\\Desktop\\full-stack-developer-egitimi\\odevler\\onur-demirci\\laravelBlog\\vendor\\symfony\\console\\Command\\Command.php(250): Symfony\\Component\\Console\\Input\\Input->validate()
#1 C:\\Users\\WebDev\\Desktop\\full-stack-developer-egitimi\\odevler\\onur-demirci\\laravelBlog\\vendor\\laravel\\framework\\src\\Illuminate\\Console\\Command.php(121): Symfony\\Component\\Console\\Command\\Command->run(Object(Symfony\\Component\\Console\\Input\\ArgvInput), Object(Illuminate\\Console\\OutputStyle))
#2 C:\\Users\\WebDev\\Desktop\\full-stack-developer-egitimi\\odevler\\onur-demirci\\laravelBlog\\vendor\\symfony\\console\\Application.php(971): Illuminate\\Console\\Command->run(Object(Symfony\\Component\\Console\\Input\\ArgvInput), Object(Symfony\\Component\\Console\\Output\\ConsoleOutput))
#3 C:\\Users\\WebDev\\Desktop\\full-stack-developer-egitimi\\odevler\\onur-demirci\\laravelBlog\\vendor\\symfony\\console\\Application.php(290): Symfony\\Component\\Console\\Application->doRunCommand(Object(Illuminate\\Routing\\Console\\ControllerMakeCommand), Object(Symfony\\Component\\Console\\Input\\ArgvInput), Object(Symfony\\Component\\Console\\Output\\ConsoleOutput))
#4 C:\\Users\\WebDev\\Desktop\\full-stack-developer-egitimi\\odevler\\onur-demirci\\laravelBlog\\vendor\\symfony\\console\\Application.php(166): Symfony\\Component\\Console\\Application->doRun(Object(Symfony\\Component\\Console\\Input\\ArgvInput), Object(Symfony\\Component\\Console\\Output\\ConsoleOutput))
#5 C:\\Users\\WebDev\\Desktop\\full-stack-developer-egitimi\\odevler\\onur-demirci\\laravelBlog\\vendor\\laravel\\framework\\src\\Illuminate\\Console\\Application.php(93): Symfony\\Component\\Console\\Application->run(Object(Symfony\\Component\\Console\\Input\\ArgvInput), Object(Symfony\\Component\\Console\\Output\\ConsoleOutput))
#6 C:\\Users\\WebDev\\Desktop\\full-stack-developer-egitimi\\odevler\\onur-demirci\\laravelBlog\\vendor\\laravel\\framework\\src\\Illuminate\\Foundation\\Console\\Kernel.php(129): Illuminate\\Console\\Application->run(Object(Symfony\\Component\\Console\\Input\\ArgvInput), Object(Symfony\\Component\\Console\\Output\\ConsoleOutput))
#7 C:\\Users\\WebDev\\Desktop\\full-stack-developer-egitimi\\odevler\\onur-demirci\\laravelBlog\\artisan(37): Illuminate\\Foundation\\Console\\Kernel->handle(Object(Symfony\\Component\\Console\\Input\\ArgvInput), Object(Symfony\\Component\\Console\\Output\\ConsoleOutput))
#8 {main}
"} 
[2020-12-01 19:16:52] local.ERROR: View [admin.loginpage] not found. {"exception":"[object] (InvalidArgumentException(code: 0): View [admin.loginpage] not found. at C:\\Users\\WebDev\\Desktop\\full-stack-developer-egitimi\\odevler\\onur-demirci\\laravelBlog\\vendor\\laravel\\framework\\src\\Illuminate\\View\\FileViewFinder.php:137)
[stacktrace]
#0 C:\\Users\\WebDev\\Desktop\\full-stack-developer-egitimi\\odevler\\onur-demirci\\laravelBlog\\vendor\\laravel\\framework\\src\\Illuminate\\View\\FileViewFinder.php(79): Illuminate\\View\\FileViewFinder->findInPaths('admin.loginpage', Array)
#1 C:\\Users\\WebDev\\Desktop\\full-stack-developer-egitimi\\odevler\\onur-demirci\\laravelBlog\\vendor\\laravel\\framework\\src\\Illuminate\\View\\Factory.php(138): Illuminate\\View\\FileViewFinder->find('admin.loginpage')
#2 C:\\Users\\WebDev\\Desktop\\full-stack-developer-egitimi\\odevler\\onur-demirci\\laravelBlog\\vendor\\laravel\\framework\\src\\Illuminate\\Foundation\\helpers.php(897): Illuminate\\View\\Factory->make('admin.loginpage', Array, Array)
#3 C:\\Users\\WebDev\\Desktop\\full-stack-developer-egitimi\\odevler\\onur-demirci\\laravelBlog\\app\\Http\\Controllers\\AuthController.php(10): view('admin.loginpage')
#4 C:\\Users\\WebDev\\Desktop\\full-stack-developer-egitimi\\odevler\\onur-demirci\\laravelBlog\\vendor\\laravel\\framework\\src\\Illuminate\\Routing\\Controller.php(54): App\\Http\\Controllers\\AuthController->login()
#5 C:\\Users\\WebDev\\Desktop\\full-stack-developer-egitimi\\odevler\\onur-demirci\\laravelBlog\\vendor\\laravel\\framework\\src\\Illuminate\\Routing\\ControllerDispatcher.php(45): Illuminate\\Routing\\Controller->callAction('login', Array)
#6 C:\\Users\\WebDev\\Desktop\\full-stack-developer-egitimi\\odevler\\onur-demirci\\laravelBlog\\vendor\\laravel\\framework\\src\\Illuminate\\Routing\\Route.php(254): Illuminate\\Routing\\ControllerDispatcher->dispatch(Object(Illuminate\\Routing\\Route), Object(App\\Http\\Controllers\\AuthController), 'login')
#7 C:\\Users\\WebDev\\Desktop\\full-stack-developer-egitimi\\odevler\\onur-demirci\\laravelBlog\\vendor\\laravel\\framework\\src\\Illuminate\\Routing\\Route.php(197): Illuminate\\Routing\\Route->runController()
#8 C:\\Users\\WebDev\\Desktop\\full-stack-developer-egitimi\\odevler\\onur-demirci\\laravelBlog\\vendor\\laravel\\framework\\src\\Illuminate\\Routing\\Router.php(692): Illuminate\\Routing\\Route->run()
#9 C:\\Users\\WebDev\\Desktop\\full-stack-developer-egitimi\\odevler\\onur-demirci\\laravelBlog\\vendor\\laravel\\framework\\src\\Illuminate\\Pipeline\\Pipeline.php(128): Illuminate\\Routing\\Router->Illuminate\\Routing\\{closure}(Object(Illuminate\\Http\\Request))
#10 C:\\Users\\WebDev\\Desktop\\full-stack-developer-egitimi\\odevler\\onur-demirci\\laravelBlog\\vendor\\laravel\\framework\\src\\Illuminate\\Routing\\Middleware\\SubstituteBindings.php(41): Illuminate\\Pipeline\\Pipeline->Illuminate\\Pipeline\\{closure}(Object(Illuminate\\Http\\Request))
#11 C:\\Users\\WebDev\\Desktop\\full-stack-developer-egitimi\\odevler\\onur-demirci\\laravelBlog\\vendor\\laravel\\framework\\src\\Illuminate\\Pipeline\\Pipeline.php(167): Illuminate\\Routing\\Middleware\\SubstituteBindings->handle(Object(Illuminate\\Http\\Request), Object(Closure))
#12 C:\\Users\\WebDev\\Desktop\\full-stack-developer-egitimi\\odevler\\onur-demirci\\laravelBlog\\vendor\\laravel\\framework\\src\\Illuminate\\Foundation\\Http\\Middleware\\VerifyCsrfToken.php(77): Illuminate\\Pipeline\\Pipeline->Illuminate\\Pipeline\\{closure}(Object(Illuminate\\Http\\Request))
#13 C:\\Users\\WebDev\\Desktop\\full-stack-developer-egitimi\\odevler\\onur-demirci\\laravelBlog\\vendor\\laravel\\framework\\src\\Illuminate\\Pipeline\\Pipeline.php(167): Illuminate\\Foundation\\Http\\Middleware\\VerifyCsrfToken->handle(Object(Illuminate\\Http\\Request), Object(Closure))
#14 C:\\Users\\WebDev\\Desktop\\full-stack-developer-egitimi\\odevler\\onur-demirci\\laravelBlog\\vendor\\laravel\\framework\\src\\Illuminate\\View\\Middleware\\ShareErrorsFromSession.php(49): Illuminate\\Pipeline\\Pipeline->Illuminate\\Pipeline\\{closure}(Object(Illuminate\\Http\\Request))
#15 C:\\Users\\WebDev\\Desktop\\full-stack-developer-egitimi\\odevler\\onur-demirci\\laravelBlog\\vendor\\laravel\\framework\\src\\Illuminate\\Pipeline\\Pipeline.php(167): Illuminate\\View\\Middleware\\ShareErrorsFromSession->handle(Object(Illuminate\\Http\\Request), Object(Closure))
#16 C:\\Users\\WebDev\\Desktop\\full-stack-developer-egitimi\\odevler\\onur-demirci\\laravelBlog\\vendor\\laravel\\framework\\src\\Illuminate\\Session\\Middleware\\StartSession.php(121): Illuminate\\Pipeline\\Pipeline->Illuminate\\Pipeline\\{closure}(Object(Illuminate\\Http\\Request))
#17 C:\\Users\\WebDev\\Desktop\\full-stack-developer-egitimi\\odevler\\onur-demirci\\laravelBlog\\vendor\\laravel\\framework\\src\\Illuminate\\Session\\Middleware\\StartSession.php(63): Illuminate\\Session\\Middleware\\StartSession->handleStatefulRequest(Object(Illuminate\\Http\\Request), Object(Illuminate\\Session\\Store), Object(Closure))
#18 C:\\Users\\WebDev\\Desktop\\full-stack-developer-egitimi\\odevler\\onur-demirci\\laravelBlog\\vendor\\laravel\\framework\\src\\Illuminate\\Pipeline\\Pipeline.php(167): Illuminate\\Session\\Middleware\\StartSession->handle(Object(Illuminate\\Http\\Request), Object(Closure))
#19 C:\\Users\\WebDev\\Desktop\\full-stack-developer-egitimi\\odevler\\onur-demirci\\laravelBlog\\vendor\\laravel\\framework\\src\\Illuminate\\Cookie\\Middleware\\AddQueuedCookiesToResponse.php(37): Illuminate\\Pipeline\\Pipeline->Illuminate\\Pipeline\\{closure}(Object(Illuminate\\Http\\Request))
#20 C:\\Users\\WebDev\\Desktop\\full-stack-developer-egitimi\\odevler\\onur-demirci\\laravelBlog\\vendor\\laravel\\framework\\src\\Illuminate\\Pipeline\\Pipeline.php(167): Illuminate\\Cookie\\Middleware\\AddQueuedCookiesToResponse->handle(Object(Illuminate\\Http\\Request), Object(Closure))
#21 C:\\Users\\WebDev\\Desktop\\full-stack-developer-egitimi\\odevler\\onur-demirci\\laravelBlog\\vendor\\laravel\\framework\\src\\Illuminate\\Cookie\\Middleware\\EncryptCookies.php(67): Illuminate\\Pipeline\\Pipeline->Illuminate\\Pipeline\\{closure}(Object(Illuminate\\Http\\Request))
#22 C:\\Users\\WebDev\\Desktop\\full-stack-developer-egitimi\\odevler\\onur-demirci\\laravelBlog\\vendor\\laravel\\framework\\src\\Illuminate\\Pipeline\\Pipeline.php(167): Illuminate\\Cookie\\Middleware\\EncryptCookies->handle(Object(Illuminate\\Http\\Request), Object(Closure))
#23 C:\\Users\\WebDev\\Desktop\\full-stack-developer-egitimi\\odevler\\onur-demirci\\laravelBlog\\vendor\\laravel\\framework\\src\\Illuminate\\Pipeline\\Pipeline.php(103): Illuminate\\Pipeline\\Pipeline->Illuminate\\Pipeline\\{closure}(Object(Illuminate\\Http\\Request))
#24 C:\\Users\\WebDev\\Desktop\\full-stack-developer-egitimi\\odevler\\onur-demirci\\laravelBlog\\vendor\\laravel\\framework\\src\\Illuminate\\Routing\\Router.php(694): Illuminate\\Pipeline\\Pipeline->then(Object(Closure))
#25 C:\\Users\\WebDev\\Desktop\\full-stack-developer-egitimi\\odevler\\onur-demirci\\laravelBlog\\vendor\\laravel\\framework\\src\\Illuminate\\Routing\\Router.php(669): Illuminate\\Routing\\Router->runRouteWithinStack(Object(Illuminate\\Routing\\Route), Object(Illuminate\\Http\\Request))
#26 C:\\Users\\WebDev\\Desktop\\full-stack-developer-egitimi\\odevler\\onur-demirci\\laravelBlog\\vendor\\laravel\\framework\\src\\Illuminate\\Routing\\Router.php(635): Illuminate\\Routing\\Router->runRoute(Object(Illuminate\\Http\\Request), Object(Illuminate\\Routing\\Route))
#27 C:\\Users\\WebDev\\Desktop\\full-stack-developer-egitimi\\odevler\\onur-demirci\\laravelBlog\\vendor\\laravel\\framework\\src\\Illuminate\\Routing\\Router.php(624): Illuminate\\Routing\\Router->dispatchToRoute(Object(Illuminate\\Http\\Request))
#28 C:\\Users\\WebDev\\Desktop\\full-stack-developer-egitimi\\odevler\\onur-demirci\\laravelBlog\\vendor\\laravel\\framework\\src\\Illuminate\\Foundation\\Http\\Kernel.php(166): Illuminate\\Routing\\Router->dispatch(Object(Illuminate\\Http\\Request))
#29 C:\\Users\\WebDev\\Desktop\\full-stack-developer-egitimi\\odevler\\onur-demirci\\laravelBlog\\vendor\\laravel\\framework\\src\\Illuminate\\Pipeline\\Pipeline.php(128): Illuminate\\Foundation\\Http\\Kernel->Illuminate\\Foundation\\Http\\{closure}(Object(Illuminate\\Http\\Request))
#30 C:\\Users\\WebDev\\Desktop\\full-stack-developer-egitimi\\odevler\\onur-demirci\\laravelBlog\\vendor\\laravel\\framework\\src\\Illuminate\\Foundation\\Http\\Middleware\\TransformsRequest.php(21): Illuminate\\Pipeline\\Pipeline->Illuminate\\Pipeline\\{closure}(Object(Illuminate\\Http\\Request))
#31 C:\\Users\\WebDev\\Desktop\\full-stack-developer-egitimi\\odevler\\onur-demirci\\laravelBlog\\vendor\\laravel\\framework\\src\\Illuminate\\Pipeline\\Pipeline.php(167): Illuminate\\Foundation\\Http\\Middleware\\TransformsRequest->handle(Object(Illuminate\\Http\\Request), Object(Closure))
#32 C:\\Users\\WebDev\\Desktop\\full-stack-developer-egitimi\\odevler\\onur-demirci\\laravelBlog\\vendor\\laravel\\framework\\src\\Illuminate\\Foundation\\Http\\Middleware\\TransformsRequest.php(21): Illuminate\\Pipeline\\Pipeline->Illuminate\\Pipeline\\{closure}(Object(Illuminate\\Http\\Request))
#33 C:\\Users\\WebDev\\Desktop\\full-stack-developer-egitimi\\odevler\\onur-demirci\\laravelBlog\\vendor\\laravel\\framework\\src\\Illuminate\\Pipeline\\Pipeline.php(167): Illuminate\\Foundation\\Http\\Middleware\\TransformsRequest->handle(Object(Illuminate\\Http\\Request), Object(Closure))
#34 C:\\Users\\WebDev\\Desktop\\full-stack-developer-egitimi\\odevler\\onur-demirci\\laravelBlog\\vendor\\laravel\\framework\\src\\Illuminate\\Foundation\\Http\\Middleware\\ValidatePostSize.php(27): Illuminate\\Pipeline\\Pipeline->Illuminate\\Pipeline\\{closure}(Object(Illuminate\\Http\\Request))
#35 C:\\Users\\WebDev\\Desktop\\full-stack-developer-egitimi\\odevler\\onur-demirci\\laravelBlog\\vendor\\laravel\\framework\\src\\Illuminate\\Pipeline\\Pipeline.php(167): Illuminate\\Foundation\\Http\\Middleware\\ValidatePostSize->handle(Object(Illuminate\\Http\\Request), Object(Closure))
#36 C:\\Users\\WebDev\\Desktop\\full-stack-developer-egitimi\\odevler\\onur-demirci\\laravelBlog\\vendor\\laravel\\framework\\src\\Illuminate\\Foundation\\Http\\Middleware\\PreventRequestsDuringMaintenance.php(87): Illuminate\\Pipeline\\Pipeline->Illuminate\\Pipeline\\{closure}(Object(Illuminate\\Http\\Request))
#37 C:\\Users\\WebDev\\Desktop\\full-stack-developer-egitimi\\odevler\\onur-demirci\\laravelBlog\\vendor\\laravel\\framework\\src\\Illuminate\\Pipeline\\Pipeline.php(167): Illuminate\\Foundation\\Http\\Middleware\\PreventRequestsDuringMaintenance->handle(Object(Illuminate\\Http\\Request), Object(Closure))
#38 C:\\Users\\WebDev\\Desktop\\full-stack-developer-egitimi\\odevler\\onur-demirci\\laravelBlog\\vendor\\fruitcake\\laravel-cors\\src\\HandleCors.php(37): Illuminate\\Pipeline\\Pipeline->Illuminate\\Pipeline\\{closure}(Object(Illuminate\\Http\\Request))
#39 C:\\Users\\WebDev\\Desktop\\full-stack-developer-egitimi\\odevler\\onur-demirci\\laravelBlog\\vendor\\laravel\\framework\\src\\Illuminate\\Pipeline\\Pipeline.php(167): Fruitcake\\Cors\\HandleCors->handle(Object(Illuminate\\Http\\Request), Object(Closure))
#40 C:\\Users\\WebDev\\Desktop\\full-stack-developer-egitimi\\odevler\\onur-demirci\\laravelBlog\\vendor\\fideloper\\proxy\\src\\TrustProxies.php(57): Illuminate\\Pipeline\\Pipeline->Illuminate\\Pipeline\\{closure}(Object(Illuminate\\Http\\Request))
#41 C:\\Users\\WebDev\\Desktop\\full-stack-developer-egitimi\\odevler\\onur-demirci\\laravelBlog\\vendor\\laravel\\framework\\src\\Illuminate\\Pipeline\\Pipeline.php(167): Fideloper\\Proxy\\TrustProxies->handle(Object(Illuminate\\Http\\Request), Object(Closure))
#42 C:\\Users\\WebDev\\Desktop\\full-stack-developer-egitimi\\odevler\\onur-demirci\\laravelBlog\\vendor\\laravel\\framework\\src\\Illuminate\\Http\\Middleware\\TrustHosts.php(48): Illuminate\\Pipeline\\Pipeline->Illuminate\\Pipeline\\{closure}(Object(Illuminate\\Http\\Request))
#43 C:\\Users\\WebDev\\Desktop\\full-stack-developer-egitimi\\odevler\\onur-demirci\\laravelBlog\\vendor\\laravel\\framework\\src\\Illuminate\\Pipeline\\Pipeline.php(167): Illuminate\\Http\\Middleware\\TrustHosts->handle(Object(Illuminate\\Http\\Request), Object(Closure))
#44 C:\\Users\\WebDev\\Desktop\\full-stack-developer-egitimi\\odevler\\onur-demirci\\laravelBlog\\vendor\\laravel\\framework\\src\\Illuminate\\Pipeline\\Pipeline.php(103): Illuminate\\Pipeline\\Pipeline->Illuminate\\Pipeline\\{closure}(Object(Illuminate\\Http\\Request))
#45 C:\\Users\\WebDev\\Desktop\\full-stack-developer-egitimi\\odevler\\onur-demirci\\laravelBlog\\vendor\\laravel\\framework\\src\\Illuminate\\Foundation\\Http\\Kernel.php(141): Illuminate\\Pipeline\\Pipeline->then(Object(Closure))
#46 C:\\Users\\WebDev\\Desktop\\full-stack-developer-egitimi\\odevler\\onur-demirci\\laravelBlog\\vendor\\laravel\\framework\\src\\Illuminate\\Foundation\\Http\\Kernel.php(110): Illuminate\\Foundation\\Http\\Kernel->sendRequestThroughRouter(Object(Illuminate\\Http\\Request))
#47 C:\\Users\\WebDev\\Desktop\\full-stack-developer-egitimi\\odevler\\onur-demirci\\laravelBlog\\public\\index.php(52): Illuminate\\Foundation\\Http\\Kernel->handle(Object(Illuminate\\Http\\Request))
#48 C:\\Users\\WebDev\\Desktop\\full-stack-developer-egitimi\\odevler\\onur-demirci\\laravelBlog\\server.php(21): require_once('C:\\\\Users\\\\WebDev...')
#49 {main}
"} 
